<?xml version="1.0" encoding="UTF-8"?>
<robot generator="Robot 3.1.1 (Python 3.6.8 on win32)" generated="20190810 21:24:01.080" rpa="false">
<suite id="s1" name="Tc" source="E:\temp\tc">
<suite id="s1-s1" name="D-空白数据" source="E:\temp\tc\d-空白数据">
<kw name="Delete All School Classes" library="SchoolClassLib" type="setup">
<msg timestamp="20190810 21:24:01.410" level="INFO">{'gradeid': None, 'retcode': 0, 'retlist': []}
查询接口
{'gradeid': None, 'retcode': 0, 'retlist': []}
查询接口
{'gradeid': None, 'retcode': 0, 'retlist': []}</msg>
<status status="PASS" starttime="20190810 21:24:01.255" endtime="20190810 21:24:01.411"></status>
</kw>
<suite id="s1-s1-s1" name="D-7年级1班" source="E:\temp\tc\d-空白数据\d-7年级1班">
<kw name="Add School Class" library="SchoolClassLib" type="setup">
<arguments>
<arg>1</arg>
<arg>1班</arg>
<arg>60</arg>
<arg>suite_g7c1_classid</arg>
</arguments>
<msg timestamp="20190810 21:24:01.519" level="INFO">${suite_g7c1_classid} = 194915</msg>
<msg timestamp="20190810 21:24:01.519" level="INFO">{'id': 194915, 'invitecode': '1949154392473', 'retcode': 0}</msg>
<status status="PASS" starttime="20190810 21:24:01.421" endtime="20190810 21:24:01.519"></status>
</kw>
<suite id="s1-s1-s1-s1" name="classManage" source="E:\temp\tc\d-空白数据\d-7年级1班\classManage.robot">
<test id="s1-s1-s1-s1-t1" name="添加班级2 - tc000002">
<kw name="Add School Class" library="SchoolClassLib">
<arguments>
<arg>1</arg>
<arg>2班</arg>
<arg>60</arg>
</arguments>
<assign>
<var>${ret1}</var>
</assign>
<msg timestamp="20190810 21:24:01.616" level="INFO">{'id': 194916, 'invitecode': '1949163429946', 'retcode': 0}</msg>
<msg timestamp="20190810 21:24:01.617" level="INFO">${ret1} = {'invitecode': '1949163429946', 'retcode': 0, 'id': 194916}</msg>
<status status="PASS" starttime="20190810 21:24:01.528" endtime="20190810 21:24:01.617"></status>
</kw>
<kw name="Should Be True" library="BuiltIn">
<doc>Fails if the given condition is not true.</doc>
<arguments>
<arg>$ret1['retcode']==0</arg>
</arguments>
<status status="PASS" starttime="20190810 21:24:01.618" endtime="20190810 21:24:01.627"></status>
</kw>
<kw name="List School Class" library="SchoolClassLib">
<arguments>
<arg>1</arg>
</arguments>
<assign>
<var>${ret2}</var>
</assign>
<msg timestamp="20190810 21:24:01.716" level="INFO">{ 'gradeid': 1,
  'retcode': 0,
  'retlist': [ { 'grade__name': '七年级',
                 'id': 194915,
                 'invitecode': '1949154392473',
                 'name': '1班',
                 'studentlimit': 60,
                 'studentnumber': 0,
                 'teacherlist': []},
               { 'grade__name': '七年级',
                 'id': 194916,
                 'invitecode': '1949163429946',
                 'name': '2班',
                 'studentlimit': 60,
                 'studentnumber': 0,
                 'teacherlist': []}]}
查询接口</msg>
<msg timestamp="20190810 21:24:01.716" level="INFO">${ret2} = {'gradeid': 1, 'retlist': [{'name': '1班', 'grade__name': '七年级', 'invitecode': '1949154392473', 'studentlimit': 60, 'studentnumber': 0, 'id': 194915, 'teacherlist': []}, {'name': '2班', 'grade__name': '...</msg>
<status status="PASS" starttime="20190810 21:24:01.628" endtime="20190810 21:24:01.716"></status>
</kw>
<kw name="Evaluate" library="BuiltIn">
<doc>Evaluates the given expression in Python and returns the results.</doc>
<arguments>
<arg>$ret2['retlist']</arg>
</arguments>
<assign>
<var>${retlist}</var>
</assign>
<msg timestamp="20190810 21:24:01.718" level="INFO">${retlist} = [{'name': '1班', 'grade__name': '七年级', 'invitecode': '1949154392473', 'studentlimit': 60, 'studentnumber': 0, 'id': 194915, 'teacherlist': []}, {'name': '2班', 'grade__name': '七年级', 'invitecode': '19491...</msg>
<status status="PASS" starttime="20190810 21:24:01.717" endtime="20190810 21:24:01.718"></status>
</kw>
<kw name="Classlist Should Not Contain" library="SchoolClassLib">
<arguments>
<arg>${retlist}</arg>
<arg>2班</arg>
<arg>七年级</arg>
<arg>&amp;{ret1}[invitecode]</arg>
<arg>60</arg>
<arg>0</arg>
<arg>&amp;{ret1}[id]</arg>
</arguments>
<msg timestamp="20190810 21:24:01.720" level="INFO">{'grade__name': '七年级',
 'id': 194916,
 'invitecode': '1949163429946',
 'name': '2班',
 'studentlimit': 60,
 'studentnumber': 0,
 'teacherlist': []}
'---------------'
[{'grade__name': '七年级',
  'id': 194915,
  'invitecode': '1949154392473',
  'name': '1班',
  'studentlimit': 60,
  'studentnumber': 0,
  'teacherlist': []},
 {'grade__name': '七年级',
  'id': 194916,
  'invitecode': '1949163429946',
  'name': '2班',
  'studentlimit': 60,
  'studentnumber': 0,
  'teacherlist': []}]</msg>
<status status="PASS" starttime="20190810 21:24:01.718" endtime="20190810 21:24:01.720"></status>
</kw>
<kw name="Delete School Class" library="SchoolClassLib" type="teardown">
<arguments>
<arg>&amp;{ret1}[id]</arg>
</arguments>
<status status="PASS" starttime="20190810 21:24:01.720" endtime="20190810 21:24:01.818"></status>
</kw>
<status status="PASS" starttime="20190810 21:24:01.526" endtime="20190810 21:24:01.819" critical="yes"></status>
</test>
<test id="s1-s1-s1-s1-t2" name="添加系统中存在的班级-tc000003">
<kw name="List School Class" library="SchoolClassLib">
<assign>
<var>${before}</var>
</assign>
<msg timestamp="20190810 21:24:01.922" level="INFO">{ 'gradeid': None,
  'retcode': 0,
  'retlist': [ { 'grade__name': '七年级',
                 'id': 194915,
                 'invitecode': '1949154392473',
                 'name': '1班',
                 'studentlimit': 60,
                 'studentnumber': 0,
                 'teacherlist': []}]}
查询接口</msg>
<msg timestamp="20190810 21:24:01.923" level="INFO">${before} = {'gradeid': None, 'retlist': [{'name': '1班', 'grade__name': '七年级', 'invitecode': '1949154392473', 'studentlimit': 60, 'studentnumber': 0, 'id': 194915, 'teacherlist': []}], 'retcode': 0}</msg>
<status status="PASS" starttime="20190810 21:24:01.825" endtime="20190810 21:24:01.923"></status>
</kw>
<kw name="Add School Class" library="SchoolClassLib">
<arguments>
<arg>1</arg>
<arg>1班</arg>
<arg>60</arg>
</arguments>
<assign>
<var>${ret1}</var>
</assign>
<msg timestamp="20190810 21:24:02.013" level="INFO">{'reason': 'Traceback (most recent call last):\n'
           '  File '
           '"/home/yjyx/yijiao_src/yijiao_main/services/datamodel/schoolclass/models.py", '
           'line 542, in addClass\n'
           '    school_class = '
           'self._addClass(name,schoolid,gradeid,studentlimit)\n'
           '  File '
           '"/home/yjyx/yijiao_src/yijiao_main/services/datamodel/schoolclass/models.py", '
           'line 531, in _addClass\n'
           '    school_class.save()\n'
           '  File '
           '"/usr/local/lib/python2.7/site-packages/django/db/models/base.py", '
           'line 710, in save\n'
           '    force_update=force_update, update_fields=update_fields)\n'
           '  File '
           '"/usr/local/lib/python2.7/site-packages/django/db/models/base.py", '
           'line 738, in save_base\n'
           '    updated = self._save_table(raw, cls, force_insert, '
           'force_update, using, update_fields)\n'
           '  File '
           '"/usr/local/lib/python2.7/site-packages/django/db/models/base.py", '
           'line 822, in _save_table\n'
           '    result = self._do_insert(cls._base_manager, using, fields, '
           'update_pk, raw)\n'
           '  File '
           '"/usr/local/lib/python2.7/site-packages/django/db/models/base.py", '
           'line 861, in _do_insert\n'
           '    using=using, raw=raw)\n'
           '  File '
           '"/usr/local/lib/python2.7/site-packages/django/db/models/manager.py", '
           'line 127, in manager_method\n'
           '    return getattr(self.get_queryset(), name)(*args, **kwargs)\n'
           '  File '
           '"/usr/local/lib/python2.7/site-packages/django/db/models/query.py", '
           'line 920, in _insert\n'
           '    return query.get_compiler(using=using).execute_sql(return_id)\n'
           '  File '
           '"/usr/local/lib/python2.7/site-packages/django/db/models/sql/compiler.py", '
           'line 974, in execute_sql\n'
           '    cursor.execute(sql, params)\n'
           '  File '
           '"/usr/local/lib/python2.7/site-packages/django/db/backends/utils.py", '
           'line 64, in execute\n'
           '    return self.cursor.execute(sql, params)\n'
           '  File '
           '"/usr/local/lib/python2.7/site-packages/django/db/utils.py", line '
           '97, in __exit__\n'
           '    six.reraise(dj_exc_type, dj_exc_value, traceback)\n'
           '  File '
           '"/usr/local/lib/python2.7/site-packages/django/db/backends/utils.py", '
           'line 64, in execute\n'
           '    return self.cursor.execute(sql, params)\n'
           '  File '
           '"/usr/local/lib/python2.7/site-packages/django/db/backends/mysql/base.py", '
           'line 124, in execute\n'
           '    return self.cursor.execute(query, args)\n'
           '  File '
           '"/usr/local/lib/python2.7/site-packages/MySQLdb/cursors.py", line '
           '205, in execute\n'
           '    self.errorhandler(self, exc, value)\n'
           '  File '
           '"/usr/local/lib/python2.7/site-packages/MySQLdb/connections.py", '
           'line 36, in defaulterrorhandler\n'
           '    raise errorclass, errorvalue\n'
           'IntegrityError: (1062, "Duplicate entry \'1\\xe7\\x8f\\xad-607-1\' '
           'for key \'name\'")\n',
 'retcode': 1}</msg>
<msg timestamp="20190810 21:24:02.013" level="INFO">${ret1} = {'reason': 'Traceback (most recent call last):\n  File "/home/yjyx/yijiao_src/yijiao_main/services/datamodel/schoolclass/models.py", line 542, in addClass\n    school_class = self._addClass(name,schoo...</msg>
<status status="PASS" starttime="20190810 21:24:01.923" endtime="20190810 21:24:02.013"></status>
</kw>
<kw name="Should Be True" library="BuiltIn">
<doc>Fails if the given condition is not true.</doc>
<arguments>
<arg>$ret1['retcode']==1</arg>
</arguments>
<status status="PASS" starttime="20190810 21:24:02.014" endtime="20190810 21:24:02.015"></status>
</kw>
<kw name="List School Class" library="SchoolClassLib">
<assign>
<var>${after}</var>
</assign>
<msg timestamp="20190810 21:24:02.112" level="INFO">{ 'gradeid': None,
  'retcode': 0,
  'retlist': [ { 'grade__name': '七年级',
                 'id': 194915,
                 'invitecode': '1949154392473',
                 'name': '1班',
                 'studentlimit': 60,
                 'studentnumber': 0,
                 'teacherlist': []}]}
查询接口</msg>
<msg timestamp="20190810 21:24:02.112" level="INFO">${after} = {'gradeid': None, 'retlist': [{'name': '1班', 'grade__name': '七年级', 'invitecode': '1949154392473', 'studentlimit': 60, 'studentnumber': 0, 'id': 194915, 'teacherlist': []}], 'retcode': 0}</msg>
<status status="PASS" starttime="20190810 21:24:02.016" endtime="20190810 21:24:02.112"></status>
</kw>
<kw name="Should Be True" library="BuiltIn">
<doc>Fails if the given condition is not true.</doc>
<arguments>
<arg>$before==$after</arg>
</arguments>
<status status="PASS" starttime="20190810 21:24:02.114" endtime="20190810 21:24:02.114"></status>
</kw>
<status status="PASS" starttime="20190810 21:24:01.823" endtime="20190810 21:24:02.115" critical="yes"></status>
</test>
<test id="s1-s1-s1-s1-t3" name="修改班级1-tc000051">
<kw name="Add School Class" library="SchoolClassLib">
<arguments>
<arg>1</arg>
<arg>2班</arg>
<arg>60</arg>
</arguments>
<assign>
<var>${ret10}</var>
</assign>
<msg timestamp="20190810 21:24:02.228" level="INFO">{'id': 194918, 'invitecode': '1949188606422', 'retcode': 0}</msg>
<msg timestamp="20190810 21:24:02.229" level="INFO">${ret10} = {'invitecode': '1949188606422', 'retcode': 0, 'id': 194918}</msg>
<status status="PASS" starttime="20190810 21:24:02.120" endtime="20190810 21:24:02.229"></status>
</kw>
<kw name="Should Be True" library="BuiltIn">
<doc>Fails if the given condition is not true.</doc>
<arguments>
<arg>$ret10['retcode']==0</arg>
</arguments>
<status status="PASS" starttime="20190810 21:24:02.230" endtime="20190810 21:24:02.231"></status>
</kw>
<kw name="Evaluate" library="BuiltIn">
<doc>Evaluates the given expression in Python and returns the results.</doc>
<arguments>
<arg>$ret10['id']</arg>
</arguments>
<assign>
<var>${classid}</var>
</assign>
<msg timestamp="20190810 21:24:02.233" level="INFO">${classid} = 194918</msg>
<status status="PASS" starttime="20190810 21:24:02.233" endtime="20190810 21:24:02.233"></status>
</kw>
<kw name="Modify Class" library="SchoolClassLib">
<arguments>
<arg>${classid}</arg>
<arg>22班</arg>
<arg>60</arg>
</arguments>
<assign>
<var>${modifyClass}</var>
</assign>
<msg timestamp="20190810 21:24:02.314" level="INFO">{'retcode': 0}
'修改班级接口'</msg>
<msg timestamp="20190810 21:24:02.315" level="INFO">${modifyClass} = {'retcode': 0}</msg>
<status status="PASS" starttime="20190810 21:24:02.234" endtime="20190810 21:24:02.315"></status>
</kw>
<kw name="Should Be True" library="BuiltIn">
<doc>Fails if the given condition is not true.</doc>
<arguments>
<arg>$modifyClass['retcode']==0</arg>
</arguments>
<status status="PASS" starttime="20190810 21:24:02.316" endtime="20190810 21:24:02.316"></status>
</kw>
<kw name="List School Class" library="SchoolClassLib">
<arguments>
<arg>1</arg>
</arguments>
<assign>
<var>${listRet2}</var>
</assign>
<msg timestamp="20190810 21:24:02.415" level="INFO">{ 'gradeid': 1,
  'retcode': 0,
  'retlist': [ { 'grade__name': '七年级',
                 'id': 194915,
                 'invitecode': '1949154392473',
                 'name': '1班',
                 'studentlimit': 60,
                 'studentnumber': 0,
                 'teacherlist': []},
               { 'grade__name': '七年级',
                 'id': 194918,
                 'invitecode': '1949188606422',
                 'name': '22班',
                 'studentlimit': 60,
                 'studentnumber': 0,
                 'teacherlist': []}]}
查询接口</msg>
<msg timestamp="20190810 21:24:02.415" level="INFO">${listRet2} = {'gradeid': 1, 'retlist': [{'name': '1班', 'grade__name': '七年级', 'invitecode': '1949154392473', 'studentlimit': 60, 'studentnumber': 0, 'id': 194915, 'teacherlist': []}, {'name': '22班', 'grade__name': ...</msg>
<status status="PASS" starttime="20190810 21:24:02.317" endtime="20190810 21:24:02.415"></status>
</kw>
<kw name="Evaluate" library="BuiltIn">
<doc>Evaluates the given expression in Python and returns the results.</doc>
<arguments>
<arg>$listRet2['retlist']</arg>
</arguments>
<assign>
<var>${retlist}</var>
</assign>
<msg timestamp="20190810 21:24:02.417" level="INFO">${retlist} = [{'name': '1班', 'grade__name': '七年级', 'invitecode': '1949154392473', 'studentlimit': 60, 'studentnumber': 0, 'id': 194915, 'teacherlist': []}, {'name': '22班', 'grade__name': '七年级', 'invitecode': '1949...</msg>
<status status="PASS" starttime="20190810 21:24:02.416" endtime="20190810 21:24:02.417"></status>
</kw>
<kw name="Classlist Should Not Contain" library="SchoolClassLib">
<arguments>
<arg>${retlist}</arg>
<arg>22班</arg>
<arg>七年级</arg>
<arg>&amp;{ret10}[invitecode]</arg>
<arg>60</arg>
<arg>0</arg>
<arg>&amp;{ret10}[id]</arg>
</arguments>
<msg timestamp="20190810 21:24:02.419" level="INFO">{'grade__name': '七年级',
 'id': 194918,
 'invitecode': '1949188606422',
 'name': '22班',
 'studentlimit': 60,
 'studentnumber': 0,
 'teacherlist': []}
'---------------'
[{'grade__name': '七年级',
  'id': 194915,
  'invitecode': '1949154392473',
  'name': '1班',
  'studentlimit': 60,
  'studentnumber': 0,
  'teacherlist': []},
 {'grade__name': '七年级',
  'id': 194918,
  'invitecode': '1949188606422',
  'name': '22班',
  'studentlimit': 60,
  'studentnumber': 0,
  'teacherlist': []}]</msg>
<status status="PASS" starttime="20190810 21:24:02.418" endtime="20190810 21:24:02.419"></status>
</kw>
<kw name="Delete School Class" library="SchoolClassLib" type="teardown">
<arguments>
<arg>&amp;{ret10}[id]</arg>
</arguments>
<status status="PASS" starttime="20190810 21:24:02.420" endtime="20190810 21:24:02.516"></status>
</kw>
<status status="PASS" starttime="20190810 21:24:02.119" endtime="20190810 21:24:02.518" critical="yes"></status>
</test>
<test id="s1-s1-s1-s1-t4" name="修改班级2-tc000052">
<kw name="Add School Class" library="SchoolClassLib">
<arguments>
<arg>1</arg>
<arg>2班</arg>
<arg>60</arg>
</arguments>
<assign>
<var>${ret1}</var>
</assign>
<msg timestamp="20190810 21:24:02.618" level="INFO">{'id': 194919, 'invitecode': '1949192113381', 'retcode': 0}</msg>
<msg timestamp="20190810 21:24:02.619" level="INFO">${ret1} = {'invitecode': '1949192113381', 'retcode': 0, 'id': 194919}</msg>
<status status="PASS" starttime="20190810 21:24:02.522" endtime="20190810 21:24:02.619"></status>
</kw>
<kw name="Should Be True" library="BuiltIn">
<doc>Fails if the given condition is not true.</doc>
<arguments>
<arg>$ret1['retcode']==0</arg>
</arguments>
<status status="PASS" starttime="20190810 21:24:02.619" endtime="20190810 21:24:02.620"></status>
</kw>
<kw name="Evaluate" library="BuiltIn">
<doc>Evaluates the given expression in Python and returns the results.</doc>
<arguments>
<arg>$ret1['id']</arg>
</arguments>
<assign>
<var>${classid}</var>
</assign>
<msg timestamp="20190810 21:24:02.622" level="INFO">${classid} = 194919</msg>
<status status="PASS" starttime="20190810 21:24:02.621" endtime="20190810 21:24:02.622"></status>
</kw>
<kw name="List School Class" library="SchoolClassLib">
<arguments>
<arg>1</arg>
</arguments>
<assign>
<var>${listret1}</var>
</assign>
<msg timestamp="20190810 21:24:02.717" level="INFO">{ 'gradeid': 1,
  'retcode': 0,
  'retlist': [ { 'grade__name': '七年级',
                 'id': 194915,
                 'invitecode': '1949154392473',
                 'name': '1班',
                 'studentlimit': 60,
                 'studentnumber': 0,
                 'teacherlist': []},
               { 'grade__name': '七年级',
                 'id': 194919,
                 'invitecode': '1949192113381',
                 'name': '2班',
                 'studentlimit': 60,
                 'studentnumber': 0,
                 'teacherlist': []}]}
查询接口</msg>
<msg timestamp="20190810 21:24:02.717" level="INFO">${listret1} = {'gradeid': 1, 'retlist': [{'name': '1班', 'grade__name': '七年级', 'invitecode': '1949154392473', 'studentlimit': 60, 'studentnumber': 0, 'id': 194915, 'teacherlist': []}, {'name': '2班', 'grade__name': '...</msg>
<status status="PASS" starttime="20190810 21:24:02.623" endtime="20190810 21:24:02.717"></status>
</kw>
<kw name="Modify Class" library="SchoolClassLib">
<arguments>
<arg>${classid}</arg>
<arg>1班</arg>
<arg>60</arg>
</arguments>
<assign>
<var>${modifyRet}</var>
</assign>
<msg timestamp="20190810 21:24:02.823" level="INFO">{'reason': '未知错误:Traceback (most recent call last):\n'
           '  File '
           '"/home/yjyx/yijiao_src/yijiao_main/services/datamodel/schoolclass/models.py", '
           'line 612, in modifyClass\n'
           '    school_class.save()\n'
           '  File '
           '"/usr/local/lib/python2.7/site-packages/django/db/models/base.py", '
           'line 710, in save\n'
           '    force_update=force_update, update_fields=update_fields)\n'
           '  File '
           '"/usr/local/lib/python2.7/site-packages/django/db/models/base.py", '
           'line 738, in save_base\n'
           '    updated = self._save_table(raw, cls, force_insert, '
           'force_update, using, update_fields)\n'
           '  File '
           '"/usr/local/lib/python2.7/site-packages/django/db/models/base.py", '
           'line 803, in _save_table\n'
           '    forced_update)\n'
           '  File '
           '"/usr/local/lib/python2.7/site-packages/django/db/models/base.py", '
           'line 853, in _do_update\n'
           '    return filtered._update(values) &gt; 0\n'
           '  File '
           '"/usr/local/lib/python2.7/site-packages/django/db/models/query.py", '
           'line 580, in _update\n'
           '    return query.get_compiler(self.db).execute_sql(CURSOR)\n'
           '  File '
           '"/usr/local/lib/python2.7/site-packages/django/db/models/sql/compiler.py", '
           'line 1062, in execute_sql\n'
           '    cursor = super(SQLUpdateCompiler, '
           'self).execute_sql(result_type)\n'
           '  File '
           '"/usr/local/lib/python2.7/site-packages/django/db/models/sql/compiler.py", '
           'line 840, in execute_sql\n'
           '    cursor.execute(sql, params)\n'
           '  File '
           '"/usr/local/lib/python2.7/site-packages/django/db/backends/utils.py", '
           'line 64, in execute\n'
           '    return self.cursor.execute(sql, params)\n'
           '  File '
           '"/usr/local/lib/python2.7/site-packages/django/db/utils.py", line '
           '97, in __exit__\n'
           '    six.reraise(dj_exc_type, dj_exc_value, traceback)\n'
           '  File '
           '"/usr/local/lib/python2.7/site-packages/django/db/backends/utils.py", '
           'line 64, in execute\n'
           '    return self.cursor.execute(sql, params)\n'
           '  File '
           '"/usr/local/lib/python2.7/site-packages/django/db/backends/mysql/base.py", '
           'line 124, in execute\n'
           '    return self.cursor.execute(query, args)\n'
           '  File '
           '"/usr/local/lib/python2.7/site-packages/MySQLdb/cursors.py", line '
           '205, in execute\n'
           '    self.errorhandler(self, exc, value)\n'
           '  File '
           '"/usr/local/lib/python2.7/site-packages/MySQLdb/connections.py", '
           'line 36, in defaulterrorhandler\n'
           '    raise errorclass, errorvalue\n'
           'IntegrityError: (1062, "Duplicate entry \'1\\xe7\\x8f\\xad-607-1\' '
           'for key \'name\'")\n',
 'retcode': 10000}
'修改班级接口'</msg>
<msg timestamp="20190810 21:24:02.823" level="INFO">${modifyRet} = {'reason': '未知错误:Traceback (most recent call last):\n  File "/home/yjyx/yijiao_src/yijiao_main/services/datamodel/schoolclass/models.py", line 612, in modifyClass\n    school_class.save()\n  File "/us...</msg>
<status status="PASS" starttime="20190810 21:24:02.718" endtime="20190810 21:24:02.823"></status>
</kw>
<kw name="Should Be True" library="BuiltIn">
<doc>Fails if the given condition is not true.</doc>
<arguments>
<arg>$modifyRet['retcode']==10000</arg>
</arguments>
<status status="PASS" starttime="20190810 21:24:02.824" endtime="20190810 21:24:02.825"></status>
</kw>
<kw name="List School Class" library="SchoolClassLib">
<arguments>
<arg>1</arg>
</arguments>
<assign>
<var>${listret2}</var>
</assign>
<msg timestamp="20190810 21:24:02.915" level="INFO">{ 'gradeid': 1,
  'retcode': 0,
  'retlist': [ { 'grade__name': '七年级',
                 'id': 194915,
                 'invitecode': '1949154392473',
                 'name': '1班',
                 'studentlimit': 60,
                 'studentnumber': 0,
                 'teacherlist': []},
               { 'grade__name': '七年级',
                 'id': 194919,
                 'invitecode': '1949192113381',
                 'name': '2班',
                 'studentlimit': 60,
                 'studentnumber': 0,
                 'teacherlist': []}]}
查询接口</msg>
<msg timestamp="20190810 21:24:02.915" level="INFO">${listret2} = {'gradeid': 1, 'retlist': [{'name': '1班', 'grade__name': '七年级', 'invitecode': '1949154392473', 'studentlimit': 60, 'studentnumber': 0, 'id': 194915, 'teacherlist': []}, {'name': '2班', 'grade__name': '...</msg>
<status status="PASS" starttime="20190810 21:24:02.826" endtime="20190810 21:24:02.915"></status>
</kw>
<kw name="Should Be Equal" library="BuiltIn">
<doc>Fails if the given objects are unequal.</doc>
<arguments>
<arg>${listret1}</arg>
<arg>${listret2}</arg>
</arguments>
<status status="PASS" starttime="20190810 21:24:02.916" endtime="20190810 21:24:02.917"></status>
</kw>
<kw name="Delete School Class" library="SchoolClassLib" type="teardown">
<arguments>
<arg>${classid}</arg>
</arguments>
<status status="PASS" starttime="20190810 21:24:02.918" endtime="20190810 21:24:03.015"></status>
</kw>
<status status="PASS" starttime="20190810 21:24:02.521" endtime="20190810 21:24:03.017" critical="yes"></status>
</test>
<test id="s1-s1-s1-s1-t5" name="修改班级3-tc000053">
<kw name="Modify Class" library="SchoolClassLib">
<arguments>
<arg>99999999</arg>
<arg>1班</arg>
<arg>60</arg>
</arguments>
<assign>
<var>${modifyRet}</var>
</assign>
<msg timestamp="20190810 21:24:03.110" level="INFO">{'reason': 'id 为`99999999`的班级不存在', 'retcode': 404}
'修改班级接口'</msg>
<msg timestamp="20190810 21:24:03.110" level="INFO">${modifyRet} = {'reason': 'id 为`99999999`的班级不存在', 'retcode': 404}</msg>
<status status="PASS" starttime="20190810 21:24:03.021" endtime="20190810 21:24:03.110"></status>
</kw>
<kw name="Should Be True" library="BuiltIn">
<doc>Fails if the given condition is not true.</doc>
<arguments>
<arg>$modifyRet['retcode']==404</arg>
</arguments>
<status status="PASS" starttime="20190810 21:24:03.112" endtime="20190810 21:24:03.112"></status>
</kw>
<status status="PASS" starttime="20190810 21:24:03.020" endtime="20190810 21:24:03.113" critical="yes"></status>
</test>
<test id="s1-s1-s1-s1-t6" name="删除班级1-tc000081">
<kw name="Delete School Class" library="SchoolClassLib">
<arguments>
<arg>99999999</arg>
</arguments>
<assign>
<var>${delRet}</var>
</assign>
<msg timestamp="20190810 21:24:03.212" level="INFO">${delRet} = {'reason': 'id 为`99999999`的班级不存在', 'retcode': 404}</msg>
<status status="PASS" starttime="20190810 21:24:03.119" endtime="20190810 21:24:03.212"></status>
</kw>
<kw name="Should Be True" library="BuiltIn">
<doc>Fails if the given condition is not true.</doc>
<arguments>
<arg>$delRet['retcode']==404</arg>
</arguments>
<status status="PASS" starttime="20190810 21:24:03.213" endtime="20190810 21:24:03.213"></status>
</kw>
<status status="PASS" starttime="20190810 21:24:03.118" endtime="20190810 21:24:03.214" critical="yes"></status>
</test>
<test id="s1-s1-s1-s1-t7" name="删除班级2-tc000082">
<kw name="List School Class" library="SchoolClassLib">
<arguments>
<arg>1</arg>
</arguments>
<assign>
<var>${listRet1}</var>
</assign>
<msg timestamp="20190810 21:24:03.313" level="INFO">{ 'gradeid': 1,
  'retcode': 0,
  'retlist': [ { 'grade__name': '七年级',
                 'id': 194915,
                 'invitecode': '1949154392473',
                 'name': '1班',
                 'studentlimit': 60,
                 'studentnumber': 0,
                 'teacherlist': []}]}
查询接口</msg>
<msg timestamp="20190810 21:24:03.313" level="INFO">${listRet1} = {'gradeid': 1, 'retlist': [{'name': '1班', 'grade__name': '七年级', 'invitecode': '1949154392473', 'studentlimit': 60, 'studentnumber': 0, 'id': 194915, 'teacherlist': []}], 'retcode': 0}</msg>
<status status="PASS" starttime="20190810 21:24:03.218" endtime="20190810 21:24:03.313"></status>
</kw>
<kw name="Add School Class" library="SchoolClassLib">
<arguments>
<arg>1</arg>
<arg>2班</arg>
<arg>20</arg>
</arguments>
<assign>
<var>${addRet}</var>
</assign>
<msg timestamp="20190810 21:24:03.417" level="INFO">{'id': 194920, 'invitecode': '1949200424556', 'retcode': 0}</msg>
<msg timestamp="20190810 21:24:03.417" level="INFO">${addRet} = {'invitecode': '1949200424556', 'retcode': 0, 'id': 194920}</msg>
<status status="PASS" starttime="20190810 21:24:03.314" endtime="20190810 21:24:03.417"></status>
</kw>
<kw name="Should Be True" library="BuiltIn">
<doc>Fails if the given condition is not true.</doc>
<arguments>
<arg>$addRet['retcode']==0</arg>
</arguments>
<status status="PASS" starttime="20190810 21:24:03.418" endtime="20190810 21:24:03.419"></status>
</kw>
<kw name="Evaluate" library="BuiltIn">
<doc>Evaluates the given expression in Python and returns the results.</doc>
<arguments>
<arg>$addRet['id']</arg>
</arguments>
<assign>
<var>${classid}</var>
</assign>
<msg timestamp="20190810 21:24:03.421" level="INFO">${classid} = 194920</msg>
<status status="PASS" starttime="20190810 21:24:03.420" endtime="20190810 21:24:03.421"></status>
</kw>
<kw name="List School Class" library="SchoolClassLib">
<arguments>
<arg>1</arg>
</arguments>
<assign>
<var>${listRet2}</var>
</assign>
<msg timestamp="20190810 21:24:03.527" level="INFO">{ 'gradeid': 1,
  'retcode': 0,
  'retlist': [ { 'grade__name': '七年级',
                 'id': 194915,
                 'invitecode': '1949154392473',
                 'name': '1班',
                 'studentlimit': 60,
                 'studentnumber': 0,
                 'teacherlist': []},
               { 'grade__name': '七年级',
                 'id': 194920,
                 'invitecode': '1949200424556',
                 'name': '2班',
                 'studentlimit': 20,
                 'studentnumber': 0,
                 'teacherlist': []}]}
查询接口</msg>
<msg timestamp="20190810 21:24:03.527" level="INFO">${listRet2} = {'gradeid': 1, 'retlist': [{'name': '1班', 'grade__name': '七年级', 'invitecode': '1949154392473', 'studentlimit': 60, 'studentnumber': 0, 'id': 194915, 'teacherlist': []}, {'name': '2班', 'grade__name': '...</msg>
<status status="PASS" starttime="20190810 21:24:03.422" endtime="20190810 21:24:03.527"></status>
</kw>
<kw name="Classlist Should Not Contain" library="SchoolClassLib">
<arguments>
<arg>&amp;{listRet2}[retlist]</arg>
<arg>2班</arg>
<arg>七年级</arg>
<arg>&amp;{addRet}[invitecode]</arg>
<arg>20</arg>
<arg>0</arg>
<arg>&amp;{addRet}[id]</arg>
</arguments>
<msg timestamp="20190810 21:24:03.529" level="INFO">{'grade__name': '七年级',
 'id': 194920,
 'invitecode': '1949200424556',
 'name': '2班',
 'studentlimit': 20,
 'studentnumber': 0,
 'teacherlist': []}
'---------------'
[{'grade__name': '七年级',
  'id': 194915,
  'invitecode': '1949154392473',
  'name': '1班',
  'studentlimit': 60,
  'studentnumber': 0,
  'teacherlist': []},
 {'grade__name': '七年级',
  'id': 194920,
  'invitecode': '1949200424556',
  'name': '2班',
  'studentlimit': 20,
  'studentnumber': 0,
  'teacherlist': []}]</msg>
<status status="PASS" starttime="20190810 21:24:03.528" endtime="20190810 21:24:03.529"></status>
</kw>
<kw name="Delete School Class" library="SchoolClassLib">
<arguments>
<arg>${classid}</arg>
</arguments>
<assign>
<var>${delRet}</var>
</assign>
<msg timestamp="20190810 21:24:03.616" level="INFO">${delRet} = {'retcode': 0}</msg>
<status status="PASS" starttime="20190810 21:24:03.530" endtime="20190810 21:24:03.616"></status>
</kw>
<kw name="Should Be True" library="BuiltIn">
<doc>Fails if the given condition is not true.</doc>
<arguments>
<arg>$delRet['retcode']==0</arg>
</arguments>
<status status="PASS" starttime="20190810 21:24:03.618" endtime="20190810 21:24:03.618"></status>
</kw>
<kw name="List School Class" library="SchoolClassLib">
<arguments>
<arg>1</arg>
</arguments>
<assign>
<var>${listRet3}</var>
</assign>
<msg timestamp="20190810 21:24:03.714" level="INFO">{ 'gradeid': 1,
  'retcode': 0,
  'retlist': [ { 'grade__name': '七年级',
                 'id': 194915,
                 'invitecode': '1949154392473',
                 'name': '1班',
                 'studentlimit': 60,
                 'studentnumber': 0,
                 'teacherlist': []}]}
查询接口</msg>
<msg timestamp="20190810 21:24:03.714" level="INFO">${listRet3} = {'gradeid': 1, 'retlist': [{'name': '1班', 'grade__name': '七年级', 'invitecode': '1949154392473', 'studentlimit': 60, 'studentnumber': 0, 'id': 194915, 'teacherlist': []}], 'retcode': 0}</msg>
<status status="PASS" starttime="20190810 21:24:03.619" endtime="20190810 21:24:03.714"></status>
</kw>
<kw name="Should Be True" library="BuiltIn">
<doc>Fails if the given condition is not true.</doc>
<arguments>
<arg>$listRet1==$listRet3</arg>
</arguments>
<status status="PASS" starttime="20190810 21:24:03.716" endtime="20190810 21:24:03.717"></status>
</kw>
<status status="PASS" starttime="20190810 21:24:03.217" endtime="20190810 21:24:03.718" critical="yes"></status>
</test>
<status status="PASS" starttime="20190810 21:24:01.519" endtime="20190810 21:24:03.721"></status>
</suite>
<kw name="Delete School Class" library="SchoolClassLib" type="teardown">
<arguments>
<arg>${suite_g7c1_classid}</arg>
</arguments>
<status status="PASS" starttime="20190810 21:24:03.728" endtime="20190810 21:24:03.817"></status>
</kw>
<status status="PASS" starttime="20190810 21:24:01.411" endtime="20190810 21:24:03.817"></status>
</suite>
<suite id="s1-s1-s2" name="班级管理" source="E:\temp\tc\d-空白数据\班级管理">
<suite id="s1-s1-s2-s1" name="addClass" source="E:\temp\tc\d-空白数据\班级管理\addClass.robot">
<test id="s1-s1-s2-s1-t1" name="添加班级1-tc000001">
<kw name="Add School Class" library="SchoolClassLib">
<arguments>
<arg>1</arg>
<arg>语文一班</arg>
<arg>50</arg>
</arguments>
<assign>
<var>${ret1}</var>
</assign>
<msg timestamp="20190810 21:24:03.916" level="INFO">{'id': 194921, 'invitecode': '1949211975771', 'retcode': 0}</msg>
<msg timestamp="20190810 21:24:03.916" level="INFO">${ret1} = {'invitecode': '1949211975771', 'retcode': 0, 'id': 194921}</msg>
<status status="PASS" starttime="20190810 21:24:03.836" endtime="20190810 21:24:03.916"></status>
</kw>
<kw name="Should Be True" library="BuiltIn">
<doc>Fails if the given condition is not true.</doc>
<arguments>
<arg>$ret1['retcode']==0</arg>
</arguments>
<status status="PASS" starttime="20190810 21:24:03.917" endtime="20190810 21:24:03.918"></status>
</kw>
<kw name="List School Class" library="SchoolClassLib">
<arguments>
<arg>1</arg>
</arguments>
<assign>
<var>${ret2}</var>
</assign>
<msg timestamp="20190810 21:24:04.013" level="INFO">{ 'gradeid': 1,
  'retcode': 0,
  'retlist': [ { 'grade__name': '七年级',
                 'id': 194921,
                 'invitecode': '1949211975771',
                 'name': '语文一班',
                 'studentlimit': 50,
                 'studentnumber': 0,
                 'teacherlist': []}]}
查询接口</msg>
<msg timestamp="20190810 21:24:04.013" level="INFO">${ret2} = {'gradeid': 1, 'retlist': [{'name': '语文一班', 'grade__name': '七年级', 'invitecode': '1949211975771', 'studentlimit': 50, 'studentnumber': 0, 'id': 194921, 'teacherlist': []}], 'retcode': 0}</msg>
<status status="PASS" starttime="20190810 21:24:03.919" endtime="20190810 21:24:04.013"></status>
</kw>
<kw name="Evaluate" library="BuiltIn">
<doc>Evaluates the given expression in Python and returns the results.</doc>
<arguments>
<arg>$ret2['retlist'][0]</arg>
</arguments>
<assign>
<var>${fc}</var>
</assign>
<msg timestamp="20190810 21:24:04.015" level="INFO">${fc} = {'name': '语文一班', 'grade__name': '七年级', 'invitecode': '1949211975771', 'studentlimit': 50, 'studentnumber': 0, 'id': 194921, 'teacherlist': []}</msg>
<status status="PASS" starttime="20190810 21:24:04.015" endtime="20190810 21:24:04.015"></status>
</kw>
<kw name="Should Be True" library="BuiltIn">
<doc>Fails if the given condition is not true.</doc>
<arguments>
<arg>$fc['id']==$ret1['id']</arg>
</arguments>
<status status="PASS" starttime="20190810 21:24:04.016" endtime="20190810 21:24:04.017"></status>
</kw>
<kw name="Should Be True" library="BuiltIn">
<doc>Fails if the given condition is not true.</doc>
<arguments>
<arg>$fc['invitecode']==$ret1['invitecode']</arg>
</arguments>
<status status="PASS" starttime="20190810 21:24:04.018" endtime="20190810 21:24:04.019"></status>
</kw>
<kw name="Delete School Class" library="SchoolClassLib" type="teardown">
<arguments>
<arg>&amp;{ret1}[id]</arg>
</arguments>
<status status="PASS" starttime="20190810 21:24:04.021" endtime="20190810 21:24:04.118"></status>
</kw>
<status status="PASS" starttime="20190810 21:24:03.835" endtime="20190810 21:24:04.118" critical="yes"></status>
</test>
<status status="PASS" starttime="20190810 21:24:03.829" endtime="20190810 21:24:04.121"></status>
</suite>
<status status="PASS" starttime="20190810 21:24:03.824" endtime="20190810 21:24:04.127"></status>
</suite>
<status status="PASS" starttime="20190810 21:24:01.114" endtime="20190810 21:24:04.134"></status>
</suite>
<status status="PASS" starttime="20190810 21:24:01.082" endtime="20190810 21:24:04.141"></status>
</suite>
<statistics>
<total>
<stat pass="8" fail="0">Critical Tests</stat>
<stat pass="8" fail="0">All Tests</stat>
</total>
<tag>
</tag>
<suite>
<stat pass="8" fail="0" id="s1" name="Tc">Tc</stat>
<stat pass="8" fail="0" id="s1-s1" name="D-空白数据">Tc.D-空白数据</stat>
<stat pass="7" fail="0" id="s1-s1-s1" name="D-7年级1班">Tc.D-空白数据.D-7年级1班</stat>
<stat pass="7" fail="0" id="s1-s1-s1-s1" name="classManage">Tc.D-空白数据.D-7年级1班.classManage</stat>
<stat pass="1" fail="0" id="s1-s1-s2" name="班级管理">Tc.D-空白数据.班级管理</stat>
<stat pass="1" fail="0" id="s1-s1-s2-s1" name="addClass">Tc.D-空白数据.班级管理.addClass</stat>
</suite>
</statistics>
<errors>
</errors>
</robot>
