<?xml version="1.0" encoding="UTF-8"?>
<robot generator="Robot 3.1.1 (Python 3.6.8 on win32)" generated="20190811 15:57:55.817" rpa="false">
<suite id="s1" name="Tc" source="E:\temp\tc">
<suite id="s1-s1" name="D-空白数据" source="E:\temp\tc\d-空白数据">
<kw name="Run Keywords" library="BuiltIn" type="setup">
<doc>Executes all the given keywords in a sequence.</doc>
<arguments>
<arg>deleteAllTeacher</arg>
<arg>AND</arg>
<arg>delete all school classes</arg>
</arguments>
<kw name="Delete All Teacher" library="TeacherLib">
<msg timestamp="20190811 15:57:56.152" level="INFO">{'retcode': 0, 'retlist': []}
{'retcode': 0, 'retlist': []}</msg>
<status status="PASS" starttime="20190811 15:57:55.982" endtime="20190811 15:57:56.152"></status>
</kw>
<kw name="Delete All School Classes" library="SchoolClassLib">
<msg timestamp="20190811 15:57:56.350" level="INFO">{'gradeid': None, 'retcode': 0, 'retlist': []}
查询接口
{'gradeid': None, 'retcode': 0, 'retlist': []}
查询接口
{'gradeid': None, 'retcode': 0, 'retlist': []}</msg>
<status status="PASS" starttime="20190811 15:57:56.152" endtime="20190811 15:57:56.350"></status>
</kw>
<status status="PASS" starttime="20190811 15:57:55.982" endtime="20190811 15:57:56.351"></status>
</kw>
<suite id="s1-s1-s1" name="D-7年级1班" source="E:\temp\tc\d-空白数据\d-7年级1班">
<kw name="Add School Class" library="SchoolClassLib" type="setup">
<arguments>
<arg>1</arg>
<arg>1班</arg>
<arg>60</arg>
<arg>suite_g7c1_classid</arg>
</arguments>
<msg timestamp="20190811 15:57:56.457" level="INFO">${suite_g7c1_classid} = 195190</msg>
<msg timestamp="20190811 15:57:56.458" level="INFO">{'id': 195190, 'invitecode': '1951907816470', 'retcode': 0}</msg>
<status status="PASS" starttime="20190811 15:57:56.358" endtime="20190811 15:57:56.458"></status>
</kw>
<suite id="s1-s1-s1-s1" name="D-数学老师Shengqiaowei" source="E:\temp\tc\d-空白数据\d-7年级1班\d-数学老师shengqiaowei">
<kw name="Add Teacher" library="TeacherLib" type="setup">
<arguments>
<arg>shengqiaowei</arg>
<arg>sqw</arg>
<arg>${g_subject_math_id}</arg>
<arg>${suite_g7c1_classid}</arg>
<arg>13732327438</arg>
<arg>123@qq.com</arg>
<arg>331002199607064918</arg>
<arg>suite_math_teacher_id</arg>
</arguments>
<msg timestamp="20190811 15:57:56.579" level="INFO">${suite_math_teacher_id} = 53543</msg>
<msg timestamp="20190811 15:57:56.579" level="INFO">{'id': 53543, 'retcode': 0}</msg>
<status status="PASS" starttime="20190811 15:57:56.465" endtime="20190811 15:57:56.579"></status>
</kw>
<suite id="s1-s1-s1-s1-s1" name="老师管理" source="E:\temp\tc\d-空白数据\d-7年级1班\d-数学老师shengqiaowei\老师管理.robot">
<test id="s1-s1-s1-s1-s1-t1" name="添加老师2-tc001002">
<kw name="Add Teacher" library="TeacherLib">
<arguments>
<arg>shengqiaowei002</arg>
<arg>sqw002</arg>
<arg>${g_subject_science_id}</arg>
<arg>${suite_g7c1_classid}</arg>
<arg>13732327439</arg>
<arg>1234@qq.com</arg>
<arg>331002199607064919</arg>
</arguments>
<assign>
<var>${addRet}</var>
</assign>
<msg timestamp="20190811 15:57:56.699" level="INFO">{'id': 53544, 'retcode': 0}</msg>
<msg timestamp="20190811 15:57:56.699" level="INFO">${addRet} = {'retcode': 0, 'id': 53544}</msg>
<status status="PASS" starttime="20190811 15:57:56.589" endtime="20190811 15:57:56.699"></status>
</kw>
<kw name="Should Be True" library="BuiltIn">
<doc>Fails if the given condition is not true.</doc>
<arguments>
<arg>$addRet['retcode']==0</arg>
</arguments>
<status status="PASS" starttime="20190811 15:57:56.700" endtime="20190811 15:57:56.707"></status>
</kw>
<kw name="List Teacher" library="TeacherLib">
<assign>
<var>${listRet}</var>
</assign>
<msg timestamp="20190811 15:57:56.752" level="INFO">{'retcode': 0,
 'retlist': [{'email': '123@qq.com',
              'id': 53543,
              'idcardnumber': '331002199607064918',
              'phonenumber': '13732327438',
              'realname': 'sqw',
              'teachclasslist': [195190],
              'username': 'shengqiaowei'},
             {'email': '1234@qq.com',
              'id': 53544,
              'idcardnumber': '331002199607064919',
              'phonenumber': '13732327439',
              'realname': 'sqw002',
              'teachclasslist': [195190],
              'username': 'shengqiaowei002'}]}</msg>
<msg timestamp="20190811 15:57:56.752" level="INFO">${listRet} = {'retlist': [{'username': 'shengqiaowei', 'teachclasslist': [195190], 'realname': 'sqw', 'id': 53543, 'phonenumber': '13732327438', 'email': '123@qq.com', 'idcardnumber': '331002199607064918'}, {'user...</msg>
<status status="PASS" starttime="20190811 15:57:56.708" endtime="20190811 15:57:56.752"></status>
</kw>
<kw name="Teacherlist Should Not Contain" library="TeacherLib">
<arguments>
<arg>&amp;{listRet}[retlist]</arg>
<arg>shengqiaowei002</arg>
<arg>sqw002</arg>
<arg>&amp;{addRet}[id]</arg>
<arg>${suite_g7c1_classid}</arg>
<arg>13732327439</arg>
<arg>1234@qq.com</arg>
<arg>331002199607064919</arg>
</arguments>
<msg timestamp="20190811 15:57:56.754" level="INFO">{'email': '1234@qq.com',
 'id': 53544,
 'idcardnumber': '331002199607064919',
 'phonenumber': '13732327439',
 'realname': 'sqw002',
 'teachclasslist': [195190],
 'username': 'shengqiaowei002'}
---------
'195190'</msg>
<status status="PASS" starttime="20190811 15:57:56.753" endtime="20190811 15:57:56.754"></status>
</kw>
<kw name="Delete Teacher" library="TeacherLib" type="teardown">
<arguments>
<arg>&amp;{addRet}[id]</arg>
</arguments>
<msg timestamp="20190811 15:57:56.892" level="INFO">{'retcode': 0}</msg>
<status status="PASS" starttime="20190811 15:57:56.755" endtime="20190811 15:57:56.892"></status>
</kw>
<status status="PASS" starttime="20190811 15:57:56.588" endtime="20190811 15:57:56.893" critical="yes"></status>
</test>
<status status="PASS" starttime="20190811 15:57:56.579" endtime="20190811 15:57:56.897"></status>
</suite>
<kw name="Delete Teacher" library="TeacherLib" type="teardown">
<arguments>
<arg>${suite_math_teacher_id}</arg>
</arguments>
<msg timestamp="20190811 15:57:56.984" level="INFO">{'retcode': 0}</msg>
<status status="PASS" starttime="20190811 15:57:56.904" endtime="20190811 15:57:56.984"></status>
</kw>
<status status="PASS" starttime="20190811 15:57:56.458" endtime="20190811 15:57:56.984"></status>
</suite>
<kw name="Delete School Class" library="SchoolClassLib" type="teardown">
<arguments>
<arg>${suite_g7c1_classid}</arg>
</arguments>
<status status="PASS" starttime="20190811 15:57:56.990" endtime="20190811 15:57:57.061"></status>
</kw>
<status status="PASS" starttime="20190811 15:57:56.351" endtime="20190811 15:57:57.061"></status>
</suite>
<status status="PASS" starttime="20190811 15:57:55.852" endtime="20190811 15:57:57.066"></status>
</suite>
<status status="PASS" starttime="20190811 15:57:55.821" endtime="20190811 15:57:57.072"></status>
</suite>
<statistics>
<total>
<stat pass="1" fail="0">Critical Tests</stat>
<stat pass="1" fail="0">All Tests</stat>
</total>
<tag>
</tag>
<suite>
<stat pass="1" fail="0" id="s1" name="Tc">Tc</stat>
<stat pass="1" fail="0" id="s1-s1" name="D-空白数据">Tc.D-空白数据</stat>
<stat pass="1" fail="0" id="s1-s1-s1" name="D-7年级1班">Tc.D-空白数据.D-7年级1班</stat>
<stat pass="1" fail="0" id="s1-s1-s1-s1" name="D-数学老师Shengqiaowei">Tc.D-空白数据.D-7年级1班.D-数学老师Shengqiaowei</stat>
<stat pass="1" fail="0" id="s1-s1-s1-s1-s1" name="老师管理">Tc.D-空白数据.D-7年级1班.D-数学老师Shengqiaowei.老师管理</stat>
</suite>
</statistics>
<errors>
</errors>
</robot>
