<?xml version="1.0" encoding="UTF-8"?>
<robot generator="Robot 3.1.1 (Python 3.6.8 on win32)" generated="20190821 23:22:12.311" rpa="false">
<suite id="s1" name="Tc" source="E:\temp\robot-project\tc">
<suite id="s1-s1" name="D-空白数据" source="E:\temp\robot-project\tc\d-空白数据">
<kw name="Run Keywords" library="BuiltIn" type="setup">
<doc>Executes all the given keywords in a sequence.</doc>
<arguments>
<arg>deleteAllTeacher</arg>
<arg>AND</arg>
<arg>delete all school classes</arg>
<arg>AND</arg>
<arg>delete all student</arg>
</arguments>
<kw name="Delete All Teacher" library="TeacherLib">
<msg timestamp="20190821 23:22:12.743" level="INFO">{'retcode': 0, 'retlist': []}
{'retcode': 0, 'retlist': []}</msg>
<status status="PASS" starttime="20190821 23:22:12.468" endtime="20190821 23:22:12.743"></status>
</kw>
<kw name="Delete All School Classes" library="SchoolClassLib">
<msg timestamp="20190821 23:22:12.946" level="INFO">{'gradeid': None, 'retcode': 0, 'retlist': []}
查询接口
{'gradeid': None, 'retcode': 0, 'retlist': []}
查询接口</msg>
<status status="PASS" starttime="20190821 23:22:12.744" endtime="20190821 23:22:12.946"></status>
</kw>
<kw name="Delete All Student" library="StudentLib">
<msg timestamp="20190821 23:22:13.142" level="INFO">{'retcode': 0, 'retlist': []}
{'retcode': 0, 'retlist': []}</msg>
<status status="PASS" starttime="20190821 23:22:12.946" endtime="20190821 23:22:13.142"></status>
</kw>
<status status="PASS" starttime="20190821 23:22:12.468" endtime="20190821 23:22:13.142"></status>
</kw>
<suite id="s1-s1-s1" name="D-7年级1班" source="E:\temp\robot-project\tc\d-空白数据\d-7年级1班">
<kw name="Add School Class" library="SchoolClassLib" type="setup">
<arguments>
<arg>1</arg>
<arg>1班</arg>
<arg>60</arg>
<arg>suite_g7c1_classid</arg>
</arguments>
<msg timestamp="20190821 23:22:13.253" level="INFO">${suite_g7c1_classid} = 201457</msg>
<msg timestamp="20190821 23:22:13.253" level="INFO">{'id': 201457, 'invitecode': '2014578587076', 'retcode': 0}</msg>
<status status="PASS" starttime="20190821 23:22:13.147" endtime="20190821 23:22:13.253"></status>
</kw>
<suite id="s1-s1-s1-s1" name="D-学生遐想" source="E:\temp\robot-project\tc\d-空白数据\d-7年级1班\d-学生遐想">
<kw name="Add Student" library="StudentLib" type="setup">
<arguments>
<arg>xiaxiang</arg>
<arg>遐想</arg>
<arg>${g_grade_7_id}</arg>
<arg>${suite_g7c1_classid}</arg>
<arg>13732327438</arg>
<arg>suite_student_id</arg>
</arguments>
<msg timestamp="20190821 23:22:13.372" level="INFO">${suite_student_id} = 24181</msg>
<msg timestamp="20190821 23:22:13.372" level="INFO">{'id': 24181, 'retcode': 0}</msg>
<status status="PASS" starttime="20190821 23:22:13.259" endtime="20190821 23:22:13.372"></status>
</kw>
<suite id="s1-s1-s1-s1-s1" name="老师操作" source="E:\temp\robot-project\tc\d-空白数据\d-7年级1班\d-学生遐想\老师操作.robot">
<kw name="Open Browser" library="WebOpLib" type="setup">
<status status="PASS" starttime="20190821 23:22:13.475" endtime="20190821 23:22:16.933"></status>
</kw>
<test id="s1-s1-s1-s1-s1-t1" name="老师登录2-tc005002">
<kw name="Add Teacher" library="TeacherLib">
<arguments>
<arg>shengqiaowei001</arg>
<arg>sqw001</arg>
<arg>${g_subject_math_id}</arg>
<arg>${suite_g7c1_classid}</arg>
<arg>13732327438</arg>
<arg>123@qq.com</arg>
<arg>331002199607064918</arg>
</arguments>
<assign>
<var>${addRet}</var>
</assign>
<msg timestamp="20190821 23:22:17.032" level="INFO">{'id': 55559, 'retcode': 0}</msg>
<msg timestamp="20190821 23:22:17.033" level="INFO">${addRet} = {'retcode': 0, 'id': 55559}</msg>
<status status="PASS" starttime="20190821 23:22:16.935" endtime="20190821 23:22:17.033"></status>
</kw>
<kw name="Teacher Login" library="WebOpLib">
<arguments>
<arg>shengqiaowei001</arg>
<arg>888888</arg>
</arguments>
<status status="PASS" starttime="20190821 23:22:17.034" endtime="20190821 23:22:21.817"></status>
</kw>
<kw name="Get Teacher Homepage Info" library="WebOpLib">
<assign>
<var>${teacherInformation}</var>
</assign>
<msg timestamp="20190821 23:22:23.966" level="INFO">['松勤学院00602', 'sqw001', '初中数学', '0', '0', '0']</msg>
<msg timestamp="20190821 23:22:23.967" level="INFO">${teacherInformation} = ['松勤学院00602', 'sqw001', '初中数学', '0', '0', '0']</msg>
<status status="PASS" starttime="20190821 23:22:21.817" endtime="20190821 23:22:23.967"></status>
</kw>
<kw name="Should Be True" library="BuiltIn">
<doc>Fails if the given condition is not true.</doc>
<arguments>
<arg>$teacherInformation==['松勤学院00602', 'sqw001', '初中数学', '0', '0', '0']</arg>
</arguments>
<status status="PASS" starttime="20190821 23:22:23.967" endtime="20190821 23:22:23.974"></status>
</kw>
<kw name="Get Teacher Class Students Info" library="WebOpLib">
<assign>
<var>${classStudent}</var>
</assign>
<msg timestamp="20190821 23:22:28.217" level="INFO">{'七年级1班': ['遐想']}</msg>
<msg timestamp="20190821 23:22:28.217" level="INFO">${classStudent} = {'七年级1班': ['遐想']}</msg>
<status status="PASS" starttime="20190821 23:22:23.974" endtime="20190821 23:22:28.217"></status>
</kw>
<kw name="Should Be True" library="BuiltIn">
<doc>Fails if the given condition is not true.</doc>
<arguments>
<arg>$classStudent=={'七年级1班':['遐想']}</arg>
</arguments>
<status status="PASS" starttime="20190821 23:22:28.217" endtime="20190821 23:22:28.218"></status>
</kw>
<kw name="Delete Teacher" library="TeacherLib" type="teardown">
<arguments>
<arg>&amp;{addRet}[id]</arg>
</arguments>
<msg timestamp="20190821 23:22:28.348" level="INFO">{'retcode': 0}</msg>
<status status="PASS" starttime="20190821 23:22:28.219" endtime="20190821 23:22:28.348"></status>
</kw>
<status status="PASS" starttime="20190821 23:22:16.933" endtime="20190821 23:22:28.349" critical="yes"></status>
</test>
<kw name="Close Browser" library="WebOpLib" type="teardown">
<status status="PASS" starttime="20190821 23:22:28.350" endtime="20190821 23:22:29.476"></status>
</kw>
<status status="PASS" starttime="20190821 23:22:13.372" endtime="20190821 23:22:29.476"></status>
</suite>
<kw name="Delete Student" library="StudentLib" type="teardown">
<arguments>
<arg>${suite_student_id}</arg>
</arguments>
<msg timestamp="20190821 23:22:29.571" level="INFO">{'retcode': 0}</msg>
<status status="PASS" starttime="20190821 23:22:29.483" endtime="20190821 23:22:29.571"></status>
</kw>
<status status="PASS" starttime="20190821 23:22:13.253" endtime="20190821 23:22:29.571"></status>
</suite>
<suite id="s1-s1-s1-s2" name="D-数学老师盛侨威" source="E:\temp\robot-project\tc\d-空白数据\d-7年级1班\d-数学老师盛侨威">
<kw name="Add Teacher" library="TeacherLib" type="setup">
<arguments>
<arg>shengqiaowei</arg>
<arg>sqw</arg>
<arg>${g_subject_math_id}</arg>
<arg>${suite_g7c1_classid}</arg>
<arg>13732327438</arg>
<arg>123@qq.com</arg>
<arg>331002199607064918</arg>
<arg>suite_math_teacher_id</arg>
</arguments>
<msg timestamp="20190821 23:22:29.672" level="INFO">${suite_math_teacher_id} = 55560</msg>
<msg timestamp="20190821 23:22:29.673" level="INFO">{'id': 55560, 'retcode': 0}</msg>
<status status="PASS" starttime="20190821 23:22:29.584" endtime="20190821 23:22:29.673"></status>
</kw>
<suite id="s1-s1-s1-s2-s1" name="D-学生夏侯惇" source="E:\temp\robot-project\tc\d-空白数据\d-7年级1班\d-数学老师盛侨威\d-学生夏侯惇">
<kw name="Add Student" library="StudentLib" type="setup">
<arguments>
<arg>sqw0706</arg>
<arg>sqw111</arg>
<arg>${g_grade_7_id}</arg>
<arg>${suite_g7c1_classid}</arg>
<arg>13732327438</arg>
<arg>suite_student_id</arg>
</arguments>
<msg timestamp="20190821 23:22:29.767" level="INFO">${suite_student_id} = 24182</msg>
<msg timestamp="20190821 23:22:29.767" level="INFO">{'id': 24182, 'retcode': 0}</msg>
<status status="PASS" starttime="20190821 23:22:29.680" endtime="20190821 23:22:29.767"></status>
</kw>
<suite id="s1-s1-s1-s2-s1-s1" name="Web操作" source="E:\temp\robot-project\tc\d-空白数据\d-7年级1班\d-数学老师盛侨威\d-学生夏侯惇\web操作.robot">
<kw name="Open Browser" library="WebOpLib" type="setup">
<status status="PASS" starttime="20190821 23:22:29.776" endtime="20190821 23:22:32.167"></status>
</kw>
<test id="s1-s1-s1-s2-s1-s1-t1" name="老师发布作业1-tc005101">
<kw name="Teacher Login" library="WebOpLib">
<arguments>
<arg>shengqiaowei</arg>
<arg>888888</arg>
</arguments>
<status status="PASS" starttime="20190821 23:22:32.170" endtime="20190821 23:22:36.577"></status>
</kw>
<kw name="Teacher Deliver Task" library="WebOpLib">
<arguments>
<arg>测试作业2</arg>
</arguments>
<msg timestamp="20190821 23:22:49.273" level="INFO">进入到下发学习任务窗口</msg>
<status status="PASS" starttime="20190821 23:22:36.577" endtime="20190821 23:22:49.274"></status>
</kw>
<kw name="Student Login" library="WebOpLib">
<arguments>
<arg>sqw0706</arg>
<arg>888888</arg>
</arguments>
<status status="PASS" starttime="20190821 23:22:49.274" endtime="20190821 23:22:51.676"></status>
</kw>
<kw name="Student Homework" library="WebOpLib">
<status status="PASS" starttime="20190821 23:22:51.676" endtime="20190821 23:22:55.211"></status>
</kw>
<kw name="Teacher Login" library="WebOpLib">
<arguments>
<arg>shengqiaowei</arg>
<arg>888888</arg>
</arguments>
<status status="PASS" starttime="20190821 23:22:55.212" endtime="20190821 23:22:55.893"></status>
</kw>
<kw name="Teacher Check Homework" library="WebOpLib">
<assign>
<var>${check}</var>
</assign>
<msg timestamp="20190821 23:22:59.410" level="INFO">进入到查看作业窗口下
['A', 'A', 'A']</msg>
<msg timestamp="20190821 23:22:59.410" level="INFO">${check} = ['A', 'A', 'A']</msg>
<status status="PASS" starttime="20190821 23:22:55.894" endtime="20190821 23:22:59.410"></status>
</kw>
<kw name="Should Be True" library="BuiltIn">
<doc>Fails if the given condition is not true.</doc>
<arguments>
<arg>$check==['A', 'A', 'A']</arg>
</arguments>
<status status="PASS" starttime="20190821 23:22:59.411" endtime="20190821 23:22:59.412"></status>
</kw>
<status status="PASS" starttime="20190821 23:22:32.168" endtime="20190821 23:22:59.413" critical="yes"></status>
</test>
<kw name="Close Browser" library="WebOpLib" type="teardown">
<status status="PASS" starttime="20190821 23:22:59.414" endtime="20190821 23:23:00.536"></status>
</kw>
<status status="PASS" starttime="20190821 23:22:29.767" endtime="20190821 23:23:00.536"></status>
</suite>
<suite id="s1-s1-s1-s2-s1-s2" name="学生管理" source="E:\temp\robot-project\tc\d-空白数据\d-7年级1班\d-数学老师盛侨威\d-学生夏侯惇\学生管理.robot">
<test id="s1-s1-s1-s2-s1-s2-t1" name="添加学生2-tc002002">
<kw name="Add Student" library="StudentLib">
<arguments>
<arg>xiahoudun2</arg>
<arg>夏侯惇2</arg>
<arg>${g_grade_7_id}</arg>
<arg>${suite_g7c1_classid}</arg>
<arg>13732327438</arg>
</arguments>
<assign>
<var>${addRet}</var>
</assign>
<msg timestamp="20190821 23:23:00.658" level="INFO">{'id': 24183, 'retcode': 0}</msg>
<msg timestamp="20190821 23:23:00.659" level="INFO">${addRet} = {'retcode': 0, 'id': 24183}</msg>
<status status="PASS" starttime="20190821 23:23:00.552" endtime="20190821 23:23:00.659"></status>
</kw>
<kw name="Should Be True" library="BuiltIn">
<doc>Fails if the given condition is not true.</doc>
<arguments>
<arg>$addRet['retcode']==0</arg>
</arguments>
<status status="PASS" starttime="20190821 23:23:00.660" endtime="20190821 23:23:00.661"></status>
</kw>
<kw name="List Student" library="StudentLib">
<assign>
<var>${listRet}</var>
</assign>
<msg timestamp="20190821 23:23:00.770" level="INFO">{'retcode': 0,
 'retlist': [{'classid': 201457,
              'id': 24182,
              'phonenumber': '13732327438',
              'realname': 'sqw111',
              'username': 'sqw0706'},
             {'classid': 201457,
              'id': 24183,
              'phonenumber': '13732327438',
              'realname': '夏侯惇2',
              'username': 'xiahoudun2'}]}</msg>
<msg timestamp="20190821 23:23:00.770" level="INFO">${listRet} = {'retlist': [{'classid': 201457, 'realname': 'sqw111', 'username': 'sqw0706', 'phonenumber': '13732327438', 'id': 24182}, {'classid': 201457, 'realname': '夏侯惇2', 'username': 'xiahoudun2', 'phonenumber...</msg>
<status status="PASS" starttime="20190821 23:23:00.662" endtime="20190821 23:23:00.770"></status>
</kw>
<kw name="Studentlist Should Not Contain" library="StudentLib">
<arguments>
<arg>&amp;{listRet}[retlist]</arg>
<arg>${suite_g7c1_classid}</arg>
<arg>xiahoudun2</arg>
<arg>夏侯惇2</arg>
<arg>13732327438</arg>
<arg>&amp;{addRet}[id]</arg>
</arguments>
<status status="PASS" starttime="20190821 23:23:00.771" endtime="20190821 23:23:00.772"></status>
</kw>
<kw name="Delete Student" library="StudentLib" type="teardown">
<arguments>
<arg>&amp;{addRet}[id]</arg>
</arguments>
<msg timestamp="20190821 23:23:00.864" level="INFO">{'retcode': 0}</msg>
<status status="PASS" starttime="20190821 23:23:00.772" endtime="20190821 23:23:00.864"></status>
</kw>
<status status="PASS" starttime="20190821 23:23:00.550" endtime="20190821 23:23:00.865" critical="yes"></status>
</test>
<test id="s1-s1-s1-s2-s1-s2-t2" name="删除学生2-tc002081">
<kw name="List Student" library="StudentLib">
<assign>
<var>${before}</var>
</assign>
<msg timestamp="20190821 23:23:00.926" level="INFO">{'retcode': 0,
 'retlist': [{'classid': 201457,
              'id': 24182,
              'phonenumber': '13732327438',
              'realname': 'sqw111',
              'username': 'sqw0706'}]}</msg>
<msg timestamp="20190821 23:23:00.926" level="INFO">${before} = {'retlist': [{'classid': 201457, 'realname': 'sqw111', 'username': 'sqw0706', 'phonenumber': '13732327438', 'id': 24182}], 'retcode': 0}</msg>
<status status="PASS" starttime="20190821 23:23:00.870" endtime="20190821 23:23:00.926"></status>
</kw>
<kw name="Add Student" library="StudentLib">
<arguments>
<arg>xiahoudun2</arg>
<arg>夏侯惇2</arg>
<arg>${g_grade_7_id}</arg>
<arg>${suite_g7c1_classid}</arg>
<arg>13732327438</arg>
</arguments>
<assign>
<var>${addRet}</var>
</assign>
<msg timestamp="20190821 23:23:01.061" level="INFO">{'id': 24184, 'retcode': 0}</msg>
<msg timestamp="20190821 23:23:01.061" level="INFO">${addRet} = {'retcode': 0, 'id': 24184}</msg>
<status status="PASS" starttime="20190821 23:23:00.927" endtime="20190821 23:23:01.061"></status>
</kw>
<kw name="Should Be True" library="BuiltIn">
<doc>Fails if the given condition is not true.</doc>
<arguments>
<arg>$addRet['retcode']==0</arg>
</arguments>
<status status="PASS" starttime="20190821 23:23:01.062" endtime="20190821 23:23:01.063"></status>
</kw>
<kw name="List Student" library="StudentLib">
<msg timestamp="20190821 23:23:01.125" level="INFO">{'retcode': 0,
 'retlist': [{'classid': 201457,
              'id': 24182,
              'phonenumber': '13732327438',
              'realname': 'sqw111',
              'username': 'sqw0706'},
             {'classid': 201457,
              'id': 24184,
              'phonenumber': '13732327438',
              'realname': '夏侯惇2',
              'username': 'xiahoudun2'}]}</msg>
<status status="PASS" starttime="20190821 23:23:01.064" endtime="20190821 23:23:01.125"></status>
</kw>
<kw name="Delete Student" library="StudentLib">
<arguments>
<arg>&amp;{addRet}[id]</arg>
</arguments>
<msg timestamp="20190821 23:23:01.258" level="INFO">{'retcode': 0}</msg>
<status status="PASS" starttime="20190821 23:23:01.126" endtime="20190821 23:23:01.258"></status>
</kw>
<kw name="List Student" library="StudentLib">
<assign>
<var>${after}</var>
</assign>
<msg timestamp="20190821 23:23:01.325" level="INFO">{'retcode': 0,
 'retlist': [{'classid': 201457,
              'id': 24182,
              'phonenumber': '13732327438',
              'realname': 'sqw111',
              'username': 'sqw0706'}]}</msg>
<msg timestamp="20190821 23:23:01.325" level="INFO">${after} = {'retlist': [{'classid': 201457, 'realname': 'sqw111', 'username': 'sqw0706', 'phonenumber': '13732327438', 'id': 24182}], 'retcode': 0}</msg>
<status status="PASS" starttime="20190821 23:23:01.259" endtime="20190821 23:23:01.325"></status>
</kw>
<kw name="Should Be Equal" library="BuiltIn">
<doc>Fails if the given objects are unequal.</doc>
<arguments>
<arg>${before}</arg>
<arg>${after}</arg>
</arguments>
<status status="PASS" starttime="20190821 23:23:01.326" endtime="20190821 23:23:01.326"></status>
</kw>
<status status="PASS" starttime="20190821 23:23:00.869" endtime="20190821 23:23:01.327" critical="yes"></status>
</test>
<status status="PASS" starttime="20190821 23:23:00.543" endtime="20190821 23:23:01.331"></status>
</suite>
<kw name="Delete Student" library="StudentLib" type="teardown">
<arguments>
<arg>${suite_student_id}</arg>
</arguments>
<msg timestamp="20190821 23:23:01.457" level="INFO">{'retcode': 0}</msg>
<status status="PASS" starttime="20190821 23:23:01.339" endtime="20190821 23:23:01.457"></status>
</kw>
<status status="PASS" starttime="20190821 23:22:29.673" endtime="20190821 23:23:01.457"></status>
</suite>
<suite id="s1-s1-s1-s2-s2" name="学生管理" source="E:\temp\robot-project\tc\d-空白数据\d-7年级1班\d-数学老师盛侨威\学生管理.robot">
<test id="s1-s1-s1-s2-s2-t1" name="添加学生1-tc002001">
<kw name="Add Student" library="StudentLib">
<arguments>
<arg>shengqiaowei100</arg>
<arg>盛侨威</arg>
<arg>${g_grade_7_id}</arg>
<arg>${suite_g7c1_classid}</arg>
<arg>13732327438</arg>
</arguments>
<assign>
<var>${addRet}</var>
</assign>
<msg timestamp="20190821 23:23:01.554" level="INFO">{'id': 24185, 'retcode': 0}</msg>
<msg timestamp="20190821 23:23:01.554" level="INFO">${addRet} = {'retcode': 0, 'id': 24185}</msg>
<status status="PASS" starttime="20190821 23:23:01.473" endtime="20190821 23:23:01.554"></status>
</kw>
<kw name="Should Be True" library="BuiltIn">
<doc>Fails if the given condition is not true.</doc>
<arguments>
<arg>$addRet['retcode']==0</arg>
</arguments>
<status status="PASS" starttime="20190821 23:23:01.555" endtime="20190821 23:23:01.556"></status>
</kw>
<kw name="List Student" library="StudentLib">
<assign>
<var>${listRet}</var>
</assign>
<msg timestamp="20190821 23:23:01.625" level="INFO">{'retcode': 0,
 'retlist': [{'classid': 201457,
              'id': 24185,
              'phonenumber': '13732327438',
              'realname': '盛侨威',
              'username': 'shengqiaowei100'}]}</msg>
<msg timestamp="20190821 23:23:01.625" level="INFO">${listRet} = {'retlist': [{'classid': 201457, 'realname': '盛侨威', 'username': 'shengqiaowei100', 'phonenumber': '13732327438', 'id': 24185}], 'retcode': 0}</msg>
<status status="PASS" starttime="20190821 23:23:01.557" endtime="20190821 23:23:01.625"></status>
</kw>
<kw name="Studentlist Should Not Contain" library="StudentLib">
<arguments>
<arg>&amp;{listRet}[retlist]</arg>
<arg>${suite_g7c1_classid}</arg>
<arg>shengqiaowei100</arg>
<arg>盛侨威</arg>
<arg>13732327438</arg>
<arg>&amp;{addRet}[id]</arg>
</arguments>
<status status="PASS" starttime="20190821 23:23:01.626" endtime="20190821 23:23:01.626"></status>
</kw>
<kw name="Delete Student" library="StudentLib" type="teardown">
<arguments>
<arg>&amp;{addRet}[id]</arg>
</arguments>
<msg timestamp="20190821 23:23:01.762" level="INFO">{'retcode': 0}</msg>
<status status="PASS" starttime="20190821 23:23:01.627" endtime="20190821 23:23:01.762"></status>
</kw>
<status status="PASS" starttime="20190821 23:23:01.471" endtime="20190821 23:23:01.763" critical="yes"></status>
</test>
<status status="PASS" starttime="20190821 23:23:01.465" endtime="20190821 23:23:01.766"></status>
</suite>
<suite id="s1-s1-s1-s2-s3" name="老师管理" source="E:\temp\robot-project\tc\d-空白数据\d-7年级1班\d-数学老师盛侨威\老师管理.robot">
<test id="s1-s1-s1-s2-s3-t1" name="添加老师2-tc001002">
<kw name="Add Teacher" library="TeacherLib">
<arguments>
<arg>shengqiaowei002</arg>
<arg>sqw002</arg>
<arg>${g_subject_science_id}</arg>
<arg>${suite_g7c1_classid}</arg>
<arg>13732327439</arg>
<arg>1234@qq.com</arg>
<arg>331002199607064919</arg>
</arguments>
<assign>
<var>${addRet}</var>
</assign>
<msg timestamp="20190821 23:23:01.855" level="INFO">{'id': 55561, 'retcode': 0}</msg>
<msg timestamp="20190821 23:23:01.855" level="INFO">${addRet} = {'retcode': 0, 'id': 55561}</msg>
<status status="PASS" starttime="20190821 23:23:01.782" endtime="20190821 23:23:01.855"></status>
</kw>
<kw name="Should Be True" library="BuiltIn">
<doc>Fails if the given condition is not true.</doc>
<arguments>
<arg>$addRet['retcode']==0</arg>
</arguments>
<status status="PASS" starttime="20190821 23:23:01.856" endtime="20190821 23:23:01.857"></status>
</kw>
<kw name="List Teacher" library="TeacherLib">
<assign>
<var>${listRet}</var>
</assign>
<msg timestamp="20190821 23:23:01.925" level="INFO">{'retcode': 0,
 'retlist': [{'email': '123@qq.com',
              'id': 55560,
              'idcardnumber': '331002199607064918',
              'phonenumber': '13732327438',
              'realname': 'sqw',
              'teachclasslist': [201457],
              'username': 'shengqiaowei'},
             {'email': '1234@qq.com',
              'id': 55561,
              'idcardnumber': '331002199607064919',
              'phonenumber': '13732327439',
              'realname': 'sqw002',
              'teachclasslist': [201457],
              'username': 'shengqiaowei002'}]}</msg>
<msg timestamp="20190821 23:23:01.925" level="INFO">${listRet} = {'retlist': [{'username': 'shengqiaowei', 'teachclasslist': [201457], 'realname': 'sqw', 'id': 55560, 'phonenumber': '13732327438', 'email': '123@qq.com', 'idcardnumber': '331002199607064918'}, {'user...</msg>
<status status="PASS" starttime="20190821 23:23:01.858" endtime="20190821 23:23:01.925"></status>
</kw>
<kw name="Teacherlist Should Not Contain" library="TeacherLib">
<arguments>
<arg>&amp;{listRet}[retlist]</arg>
<arg>shengqiaowei002</arg>
<arg>sqw002</arg>
<arg>&amp;{addRet}[id]</arg>
<arg>${suite_g7c1_classid}</arg>
<arg>13732327439</arg>
<arg>1234@qq.com</arg>
<arg>331002199607064919</arg>
</arguments>
<msg timestamp="20190821 23:23:01.927" level="INFO">{'email': '1234@qq.com',
 'id': 55561,
 'idcardnumber': '331002199607064919',
 'phonenumber': '13732327439',
 'realname': 'sqw002',
 'teachclasslist': [201457],
 'username': 'shengqiaowei002'}
---------
'201457'</msg>
<status status="PASS" starttime="20190821 23:23:01.927" endtime="20190821 23:23:01.927"></status>
</kw>
<kw name="Delete Teacher" library="TeacherLib" type="teardown">
<arguments>
<arg>&amp;{addRet}[id]</arg>
</arguments>
<msg timestamp="20190821 23:23:02.072" level="INFO">{'retcode': 0}</msg>
<status status="PASS" starttime="20190821 23:23:01.928" endtime="20190821 23:23:02.072"></status>
</kw>
<status status="PASS" starttime="20190821 23:23:01.781" endtime="20190821 23:23:02.073" critical="yes"></status>
</test>
<test id="s1-s1-s1-s2-s3-t2" name="添加老师3-tc001003">
<kw name="List Teacher" library="TeacherLib">
<assign>
<var>${before}</var>
</assign>
<msg timestamp="20190821 23:23:02.136" level="INFO">{'retcode': 0,
 'retlist': [{'email': '123@qq.com',
              'id': 55560,
              'idcardnumber': '331002199607064918',
              'phonenumber': '13732327438',
              'realname': 'sqw',
              'teachclasslist': [201457],
              'username': 'shengqiaowei'}]}</msg>
<msg timestamp="20190821 23:23:02.136" level="INFO">${before} = {'retlist': [{'username': 'shengqiaowei', 'teachclasslist': [201457], 'realname': 'sqw', 'id': 55560, 'phonenumber': '13732327438', 'email': '123@qq.com', 'idcardnumber': '331002199607064918'}], 'retc...</msg>
<status status="PASS" starttime="20190821 23:23:02.078" endtime="20190821 23:23:02.136"></status>
</kw>
<kw name="Add Teacher" library="TeacherLib">
<arguments>
<arg>shengqiaowei</arg>
<arg>sqw</arg>
<arg>${g_subject_math_id}</arg>
<arg>${suite_g7c1_classid}</arg>
<arg>13732327438</arg>
<arg>123@qq.com</arg>
<arg>331002199607064918</arg>
</arguments>
<assign>
<var>${addRet}</var>
</assign>
<msg timestamp="20190821 23:23:02.225" level="INFO">{'reason': '登录名 shengqiaowei 已经存在', 'retcode': 1}</msg>
<msg timestamp="20190821 23:23:02.225" level="INFO">${addRet} = {'reason': '登录名 shengqiaowei 已经存在', 'retcode': 1}</msg>
<status status="PASS" starttime="20190821 23:23:02.137" endtime="20190821 23:23:02.225"></status>
</kw>
<kw name="Should Be True" library="BuiltIn">
<doc>Fails if the given condition is not true.</doc>
<arguments>
<arg>$addRet['retcode']==1</arg>
</arguments>
<status status="PASS" starttime="20190821 23:23:02.226" endtime="20190821 23:23:02.227"></status>
</kw>
<kw name="Should Be True" library="BuiltIn">
<doc>Fails if the given condition is not true.</doc>
<arguments>
<arg>$addRet['reason']=='登录名 shengqiaowei 已经存在'</arg>
</arguments>
<status status="PASS" starttime="20190821 23:23:02.228" endtime="20190821 23:23:02.229"></status>
</kw>
<kw name="List Teacher" library="TeacherLib">
<assign>
<var>${after}</var>
</assign>
<msg timestamp="20190821 23:23:02.325" level="INFO">{'retcode': 0,
 'retlist': [{'email': '123@qq.com',
              'id': 55560,
              'idcardnumber': '331002199607064918',
              'phonenumber': '13732327438',
              'realname': 'sqw',
              'teachclasslist': [201457],
              'username': 'shengqiaowei'}]}</msg>
<msg timestamp="20190821 23:23:02.325" level="INFO">${after} = {'retlist': [{'username': 'shengqiaowei', 'teachclasslist': [201457], 'realname': 'sqw', 'id': 55560, 'phonenumber': '13732327438', 'email': '123@qq.com', 'idcardnumber': '331002199607064918'}], 'retc...</msg>
<status status="PASS" starttime="20190821 23:23:02.230" endtime="20190821 23:23:02.325"></status>
</kw>
<kw name="Should Be Equal" library="BuiltIn">
<doc>Fails if the given objects are unequal.</doc>
<arguments>
<arg>${before}</arg>
<arg>${after}</arg>
</arguments>
<status status="PASS" starttime="20190821 23:23:02.326" endtime="20190821 23:23:02.326"></status>
</kw>
<status status="PASS" starttime="20190821 23:23:02.077" endtime="20190821 23:23:02.328" critical="yes"></status>
</test>
<test id="s1-s1-s1-s2-s3-t3" name="修改老师1-tc001051">
<kw name="List Teacher" library="TeacherLib">
<assign>
<var>${before}</var>
</assign>
<msg timestamp="20190821 23:23:02.425" level="INFO">{'retcode': 0,
 'retlist': [{'email': '123@qq.com',
              'id': 55560,
              'idcardnumber': '331002199607064918',
              'phonenumber': '13732327438',
              'realname': 'sqw',
              'teachclasslist': [201457],
              'username': 'shengqiaowei'}]}</msg>
<msg timestamp="20190821 23:23:02.426" level="INFO">${before} = {'retlist': [{'username': 'shengqiaowei', 'teachclasslist': [201457], 'realname': 'sqw', 'id': 55560, 'phonenumber': '13732327438', 'email': '123@qq.com', 'idcardnumber': '331002199607064918'}], 'retc...</msg>
<status status="PASS" starttime="20190821 23:23:02.332" endtime="20190821 23:23:02.426"></status>
</kw>
<kw name="Modify Teacher" library="TeacherLib">
<arguments>
<arg>999999</arg>
</arguments>
<assign>
<var>${modifyRet}</var>
</assign>
<msg timestamp="20190821 23:23:02.524" level="INFO">{"reason": "id \u4e3a`999999`\u7684\u8001\u5e08\u4e0d\u5b58\u5728", "retcode": 1}
{'reason': 'id 为`999999`的老师不存在', 'retcode': 1}</msg>
<msg timestamp="20190821 23:23:02.524" level="INFO">${modifyRet} = {'reason': 'id 为`999999`的老师不存在', 'retcode': 1}</msg>
<status status="PASS" starttime="20190821 23:23:02.427" endtime="20190821 23:23:02.524"></status>
</kw>
<kw name="Should Be True" library="BuiltIn">
<doc>Fails if the given condition is not true.</doc>
<arguments>
<arg>$modifyRet['retcode']==1</arg>
</arguments>
<status status="PASS" starttime="20190821 23:23:02.526" endtime="20190821 23:23:02.527"></status>
</kw>
<kw name="Should Be True" library="BuiltIn">
<doc>Fails if the given condition is not true.</doc>
<arguments>
<arg>$modifyRet['reason']=='id 为`999999`的老师不存在'</arg>
</arguments>
<status status="PASS" starttime="20190821 23:23:02.528" endtime="20190821 23:23:02.528"></status>
</kw>
<kw name="List Teacher" library="TeacherLib">
<assign>
<var>${after}</var>
</assign>
<msg timestamp="20190821 23:23:02.625" level="INFO">{'retcode': 0,
 'retlist': [{'email': '123@qq.com',
              'id': 55560,
              'idcardnumber': '331002199607064918',
              'phonenumber': '13732327438',
              'realname': 'sqw',
              'teachclasslist': [201457],
              'username': 'shengqiaowei'}]}</msg>
<msg timestamp="20190821 23:23:02.625" level="INFO">${after} = {'retlist': [{'username': 'shengqiaowei', 'teachclasslist': [201457], 'realname': 'sqw', 'id': 55560, 'phonenumber': '13732327438', 'email': '123@qq.com', 'idcardnumber': '331002199607064918'}], 'retc...</msg>
<status status="PASS" starttime="20190821 23:23:02.529" endtime="20190821 23:23:02.625"></status>
</kw>
<kw name="Should Be Equal" library="BuiltIn">
<doc>Fails if the given objects are unequal.</doc>
<arguments>
<arg>${before}</arg>
<arg>${after}</arg>
</arguments>
<status status="PASS" starttime="20190821 23:23:02.626" endtime="20190821 23:23:02.627"></status>
</kw>
<status status="PASS" starttime="20190821 23:23:02.331" endtime="20190821 23:23:02.627" critical="yes"></status>
</test>
<test id="s1-s1-s1-s2-s3-t4" name="修改老师2-tc001052">
<kw name="Add Teacher" library="TeacherLib">
<arguments>
<arg>shengqiaowei002</arg>
<arg>sqw002</arg>
<arg>${g_subject_science_id}</arg>
<arg>${suite_g7c1_classid}</arg>
<arg>13732327439</arg>
<arg>1234@qq.com</arg>
<arg>331002199607064919</arg>
</arguments>
<assign>
<var>${addRet}</var>
</assign>
<msg timestamp="20190821 23:23:02.774" level="INFO">{'id': 55562, 'retcode': 0}</msg>
<msg timestamp="20190821 23:23:02.774" level="INFO">${addRet} = {'retcode': 0, 'id': 55562}</msg>
<status status="PASS" starttime="20190821 23:23:02.632" endtime="20190821 23:23:02.774"></status>
</kw>
<kw name="Should Be True" library="BuiltIn">
<doc>Fails if the given condition is not true.</doc>
<arguments>
<arg>$addRet['retcode']==0</arg>
</arguments>
<status status="PASS" starttime="20190821 23:23:02.775" endtime="20190821 23:23:02.776"></status>
</kw>
<kw name="Add School Class" library="SchoolClassLib">
<arguments>
<arg>1</arg>
<arg>2班</arg>
<arg>60</arg>
</arguments>
<assign>
<var>${addClass}</var>
</assign>
<msg timestamp="20190821 23:23:02.856" level="INFO">{'id': 201458, 'invitecode': '2014580704489', 'retcode': 0}</msg>
<msg timestamp="20190821 23:23:02.856" level="INFO">${addClass} = {'invitecode': '2014580704489', 'retcode': 0, 'id': 201458}</msg>
<status status="PASS" starttime="20190821 23:23:02.777" endtime="20190821 23:23:02.856"></status>
</kw>
<kw name="Should Be True" library="BuiltIn">
<doc>Fails if the given condition is not true.</doc>
<arguments>
<arg>$addClass['retcode']==0</arg>
</arguments>
<status status="PASS" starttime="20190821 23:23:02.857" endtime="20190821 23:23:02.858"></status>
</kw>
<kw name="Modify Teacher" library="TeacherLib">
<arguments>
<arg>&amp;{addRet}[id]</arg>
<arg>sqw003</arg>
<arg>classlist=${suite_g7c1_classid},&amp;{addClass}[id]</arg>
</arguments>
<assign>
<var>${modifyRet}</var>
</assign>
<msg timestamp="20190821 23:23:02.950" level="INFO">{"reason": "Traceback (most recent call last):\n  File \"/home/yjyx/yijiao_src/yijiao_main/lib/common.py\", line 76, in gotoHandler\n    return handler(request, *args, **kwargs)\n  File \"/home/yjyx/yijiao_src/yijiao_main/apps/mgr/handlers/teacher.py\", line 197, in handle_modify\n    ret = mm_Teacher.modifyTeacher(teacherid,request)\n  File \"/home/yjyx/yijiao_src/yijiao_main/services/datamodel/teacher/models.py\", line 677, in modifyTeacher\n    subjectid    = request.param_dict['subjectid']\nKeyError: 'subjectid'\n", "retcode": 1}
{'reason': 'Traceback (most recent call last):\n'
           '  File "/home/yjyx/yijiao_src/yijiao_main/lib/common.py", line 76, '
           'in gotoHandler\n'
           '    return handler(request, *args, **kwargs)\n'
           '  File '
           '"/home/yjyx/yijiao_src/yijiao_main/apps/mgr/handlers/teacher.py", '
           'line 197, in handle_modify\n'
           '    ret = mm_Teacher.modifyTeacher(teacherid,request)\n'
           '  File '
           '"/home/yjyx/yijiao_src/yijiao_main/services/datamodel/teacher/models.py", '
           'line 677, in modifyTeacher\n'
           "    subjectid    = request.param_dict['subjectid']\n"
           "KeyError: 'subjectid'\n",
 'retcode': 1}</msg>
<msg timestamp="20190821 23:23:02.951" level="INFO">${modifyRet} = {'reason': 'Traceback (most recent call last):\n  File "/home/yjyx/yijiao_src/yijiao_main/lib/common.py", line 76, in gotoHandler\n    return handler(request, *args, **kwargs)\n  File "/home/yjyx/yiji...</msg>
<status status="PASS" starttime="20190821 23:23:02.859" endtime="20190821 23:23:02.951"></status>
</kw>
<kw name="Should Be True" library="BuiltIn">
<doc>Fails if the given condition is not true.</doc>
<arguments>
<arg>$modifyRet['retcode']==0</arg>
</arguments>
<msg timestamp="20190821 23:23:02.953" level="FAIL">'$modifyRet['retcode']==0' should be true.</msg>
<status status="FAIL" starttime="20190821 23:23:02.952" endtime="20190821 23:23:02.953"></status>
</kw>
<kw name="Run Keywords" library="BuiltIn" type="teardown">
<doc>Executes all the given keywords in a sequence.</doc>
<arguments>
<arg>deleteTeacher</arg>
<arg>&amp;{addRet}[id]</arg>
<arg>AND</arg>
<arg>delete school class</arg>
<arg>&amp;{addClass}[id]</arg>
</arguments>
<kw name="Delete Teacher" library="TeacherLib">
<arguments>
<arg>&amp;{addRet}[id]</arg>
</arguments>
<msg timestamp="20190821 23:23:03.061" level="INFO">{'retcode': 0}</msg>
<status status="PASS" starttime="20190821 23:23:02.954" endtime="20190821 23:23:03.061"></status>
</kw>
<kw name="Delete School Class" library="SchoolClassLib">
<arguments>
<arg>&amp;{addClass}[id]</arg>
</arguments>
<status status="PASS" starttime="20190821 23:23:03.061" endtime="20190821 23:23:03.157"></status>
</kw>
<status status="PASS" starttime="20190821 23:23:02.954" endtime="20190821 23:23:03.157"></status>
</kw>
<status status="FAIL" starttime="20190821 23:23:02.631" endtime="20190821 23:23:03.158" critical="yes">'$modifyRet['retcode']==0' should be true.</status>
</test>
<test id="s1-s1-s1-s2-s3-t5" name="删除老师1-tc001081">
<kw name="List Teacher" library="TeacherLib">
<assign>
<var>${before}</var>
</assign>
<msg timestamp="20190821 23:23:03.226" level="INFO">{'retcode': 0,
 'retlist': [{'email': '123@qq.com',
              'id': 55560,
              'idcardnumber': '331002199607064918',
              'phonenumber': '13732327438',
              'realname': 'sqw',
              'teachclasslist': [201457],
              'username': 'shengqiaowei'}]}</msg>
<msg timestamp="20190821 23:23:03.226" level="INFO">${before} = {'retlist': [{'username': 'shengqiaowei', 'teachclasslist': [201457], 'realname': 'sqw', 'id': 55560, 'phonenumber': '13732327438', 'email': '123@qq.com', 'idcardnumber': '331002199607064918'}], 'retc...</msg>
<status status="PASS" starttime="20190821 23:23:03.162" endtime="20190821 23:23:03.226"></status>
</kw>
<kw name="Delete Teacher" library="TeacherLib">
<arguments>
<arg>999999</arg>
</arguments>
<assign>
<var>${delRet}</var>
</assign>
<msg timestamp="20190821 23:23:03.325" level="INFO">{'reason': 'id 为`999999`的老师不存在', 'retcode': 404}</msg>
<msg timestamp="20190821 23:23:03.326" level="INFO">${delRet} = {'reason': 'id 为`999999`的老师不存在', 'retcode': 404}</msg>
<status status="PASS" starttime="20190821 23:23:03.227" endtime="20190821 23:23:03.326"></status>
</kw>
<kw name="Should Be True" library="BuiltIn">
<doc>Fails if the given condition is not true.</doc>
<arguments>
<arg>$delRet['retcode']==404</arg>
</arguments>
<status status="PASS" starttime="20190821 23:23:03.327" endtime="20190821 23:23:03.328"></status>
</kw>
<kw name="Should Be True" library="BuiltIn">
<doc>Fails if the given condition is not true.</doc>
<arguments>
<arg>$delRet['reason']=='id 为`999999`的老师不存在'</arg>
</arguments>
<status status="PASS" starttime="20190821 23:23:03.329" endtime="20190821 23:23:03.330"></status>
</kw>
<kw name="List Teacher" library="TeacherLib">
<assign>
<var>${after}</var>
</assign>
<msg timestamp="20190821 23:23:03.428" level="INFO">{'retcode': 0,
 'retlist': [{'email': '123@qq.com',
              'id': 55560,
              'idcardnumber': '331002199607064918',
              'phonenumber': '13732327438',
              'realname': 'sqw',
              'teachclasslist': [201457],
              'username': 'shengqiaowei'}]}</msg>
<msg timestamp="20190821 23:23:03.428" level="INFO">${after} = {'retlist': [{'username': 'shengqiaowei', 'teachclasslist': [201457], 'realname': 'sqw', 'id': 55560, 'phonenumber': '13732327438', 'email': '123@qq.com', 'idcardnumber': '331002199607064918'}], 'retc...</msg>
<status status="PASS" starttime="20190821 23:23:03.331" endtime="20190821 23:23:03.428"></status>
</kw>
<kw name="Should Be Equal" library="BuiltIn">
<doc>Fails if the given objects are unequal.</doc>
<arguments>
<arg>${before}</arg>
<arg>${after}</arg>
</arguments>
<status status="PASS" starttime="20190821 23:23:03.430" endtime="20190821 23:23:03.430"></status>
</kw>
<status status="PASS" starttime="20190821 23:23:03.161" endtime="20190821 23:23:03.431" critical="yes"></status>
</test>
<test id="s1-s1-s1-s2-s3-t6" name="删除老师2-tc001082">
<kw name="List Teacher" library="TeacherLib">
<assign>
<var>${before}</var>
</assign>
<msg timestamp="20190821 23:23:03.526" level="INFO">{'retcode': 0,
 'retlist': [{'email': '123@qq.com',
              'id': 55560,
              'idcardnumber': '331002199607064918',
              'phonenumber': '13732327438',
              'realname': 'sqw',
              'teachclasslist': [201457],
              'username': 'shengqiaowei'}]}</msg>
<msg timestamp="20190821 23:23:03.526" level="INFO">${before} = {'retlist': [{'username': 'shengqiaowei', 'teachclasslist': [201457], 'realname': 'sqw', 'id': 55560, 'phonenumber': '13732327438', 'email': '123@qq.com', 'idcardnumber': '331002199607064918'}], 'retc...</msg>
<status status="PASS" starttime="20190821 23:23:03.435" endtime="20190821 23:23:03.526"></status>
</kw>
<kw name="Add Teacher" library="TeacherLib">
<arguments>
<arg>shengqiaowei002</arg>
<arg>sqw002</arg>
<arg>${g_subject_science_id}</arg>
<arg>${suite_g7c1_classid}</arg>
<arg>13732327439</arg>
<arg>1234@qq.com</arg>
<arg>331002199607064919</arg>
</arguments>
<assign>
<var>${addRet}</var>
</assign>
<msg timestamp="20190821 23:23:03.657" level="INFO">{'id': 55563, 'retcode': 0}</msg>
<msg timestamp="20190821 23:23:03.657" level="INFO">${addRet} = {'retcode': 0, 'id': 55563}</msg>
<status status="PASS" starttime="20190821 23:23:03.527" endtime="20190821 23:23:03.657"></status>
</kw>
<kw name="Should Be True" library="BuiltIn">
<doc>Fails if the given condition is not true.</doc>
<arguments>
<arg>$addRet['retcode']==0</arg>
</arguments>
<status status="PASS" starttime="20190821 23:23:03.658" endtime="20190821 23:23:03.659"></status>
</kw>
<kw name="List Teacher" library="TeacherLib">
<assign>
<var>${listRet}</var>
</assign>
<msg timestamp="20190821 23:23:03.726" level="INFO">{'retcode': 0,
 'retlist': [{'email': '123@qq.com',
              'id': 55560,
              'idcardnumber': '331002199607064918',
              'phonenumber': '13732327438',
              'realname': 'sqw',
              'teachclasslist': [201457],
              'username': 'shengqiaowei'},
             {'email': '1234@qq.com',
              'id': 55563,
              'idcardnumber': '331002199607064919',
              'phonenumber': '13732327439',
              'realname': 'sqw002',
              'teachclasslist': [201457],
              'username': 'shengqiaowei002'}]}</msg>
<msg timestamp="20190821 23:23:03.726" level="INFO">${listRet} = {'retlist': [{'username': 'shengqiaowei', 'teachclasslist': [201457], 'realname': 'sqw', 'id': 55560, 'phonenumber': '13732327438', 'email': '123@qq.com', 'idcardnumber': '331002199607064918'}, {'user...</msg>
<status status="PASS" starttime="20190821 23:23:03.660" endtime="20190821 23:23:03.726"></status>
</kw>
<kw name="Evaluate" library="BuiltIn">
<doc>Evaluates the given expression in Python and returns the results.</doc>
<arguments>
<arg>$listRet['retlist']</arg>
</arguments>
<assign>
<var>${listRet}</var>
</assign>
<msg timestamp="20190821 23:23:03.728" level="INFO">${listRet} = [{'username': 'shengqiaowei', 'teachclasslist': [201457], 'realname': 'sqw', 'id': 55560, 'phonenumber': '13732327438', 'email': '123@qq.com', 'idcardnumber': '331002199607064918'}, {'username': 'shen...</msg>
<status status="PASS" starttime="20190821 23:23:03.727" endtime="20190821 23:23:03.728"></status>
</kw>
<kw name="Teacherlist Should Not Contain" library="TeacherLib">
<arguments>
<arg>${listRet}</arg>
<arg>shengqiaowei002</arg>
<arg>sqw002</arg>
<arg>&amp;{addRet}[id]</arg>
<arg>${suite_g7c1_classid}</arg>
<arg>13732327439</arg>
<arg>1234@qq.com</arg>
<arg>331002199607064919</arg>
</arguments>
<msg timestamp="20190821 23:23:03.730" level="INFO">{'email': '1234@qq.com',
 'id': 55563,
 'idcardnumber': '331002199607064919',
 'phonenumber': '13732327439',
 'realname': 'sqw002',
 'teachclasslist': [201457],
 'username': 'shengqiaowei002'}
---------
'201457'</msg>
<status status="PASS" starttime="20190821 23:23:03.729" endtime="20190821 23:23:03.730"></status>
</kw>
<kw name="Delete Teacher" library="TeacherLib">
<arguments>
<arg>&amp;{addRet}[id]</arg>
</arguments>
<msg timestamp="20190821 23:23:03.858" level="INFO">{'retcode': 0}</msg>
<status status="PASS" starttime="20190821 23:23:03.731" endtime="20190821 23:23:03.858"></status>
</kw>
<kw name="List Teacher" library="TeacherLib">
<assign>
<var>${after}</var>
</assign>
<msg timestamp="20190821 23:23:03.924" level="INFO">{'retcode': 0,
 'retlist': [{'email': '123@qq.com',
              'id': 55560,
              'idcardnumber': '331002199607064918',
              'phonenumber': '13732327438',
              'realname': 'sqw',
              'teachclasslist': [201457],
              'username': 'shengqiaowei'}]}</msg>
<msg timestamp="20190821 23:23:03.924" level="INFO">${after} = {'retlist': [{'username': 'shengqiaowei', 'teachclasslist': [201457], 'realname': 'sqw', 'id': 55560, 'phonenumber': '13732327438', 'email': '123@qq.com', 'idcardnumber': '331002199607064918'}], 'retc...</msg>
<status status="PASS" starttime="20190821 23:23:03.859" endtime="20190821 23:23:03.924"></status>
</kw>
<kw name="Should Be Equal" library="BuiltIn">
<doc>Fails if the given objects are unequal.</doc>
<arguments>
<arg>${before}</arg>
<arg>${after}</arg>
</arguments>
<status status="PASS" starttime="20190821 23:23:03.925" endtime="20190821 23:23:03.926"></status>
</kw>
<status status="PASS" starttime="20190821 23:23:03.434" endtime="20190821 23:23:03.927" critical="yes"></status>
</test>
<status status="FAIL" starttime="20190821 23:23:01.773" endtime="20190821 23:23:03.931"></status>
</suite>
<kw name="Delete Teacher" library="TeacherLib" type="teardown">
<arguments>
<arg>${suite_math_teacher_id}</arg>
</arguments>
<msg timestamp="20190821 23:23:04.060" level="INFO">{'retcode': 0}</msg>
<status status="PASS" starttime="20190821 23:23:03.939" endtime="20190821 23:23:04.060"></status>
</kw>
<status status="FAIL" starttime="20190821 23:22:29.577" endtime="20190821 23:23:04.060"></status>
</suite>
<suite id="s1-s1-s1-s3" name="Web自动化-7年级1班" source="E:\temp\robot-project\tc\d-空白数据\d-7年级1班\web自动化-7年级1班">
<kw name="Open Browser" library="WebOpLib" type="setup">
<status status="PASS" starttime="20190821 23:23:04.073" endtime="20190821 23:23:06.963"></status>
</kw>
<suite id="s1-s1-s1-s3-s1" name="老师操作" source="E:\temp\robot-project\tc\d-空白数据\d-7年级1班\web自动化-7年级1班\老师操作.robot">
<test id="s1-s1-s1-s3-s1-t1" name="老师登录1-tc005001">
<kw name="Add Teacher" library="TeacherLib">
<arguments>
<arg>shengqiaowei001</arg>
<arg>sqw001</arg>
<arg>${g_subject_math_id}</arg>
<arg>${suite_g7c1_classid}</arg>
<arg>13732327438</arg>
<arg>123@qq.com</arg>
<arg>331002199607064918</arg>
</arguments>
<assign>
<var>${addRet}</var>
</assign>
<msg timestamp="20190821 23:23:07.053" level="INFO">{'id': 55566, 'retcode': 0}</msg>
<msg timestamp="20190821 23:23:07.053" level="INFO">${addRet} = {'retcode': 0, 'id': 55566}</msg>
<status status="PASS" starttime="20190821 23:23:06.979" endtime="20190821 23:23:07.053"></status>
</kw>
<kw name="Teacher Login" library="WebOpLib">
<arguments>
<arg>shengqiaowei001</arg>
<arg>888888</arg>
</arguments>
<status status="PASS" starttime="20190821 23:23:07.054" endtime="20190821 23:23:10.925"></status>
</kw>
<kw name="Get Teacher Homepage Info" library="WebOpLib">
<assign>
<var>${teacherInformation}</var>
</assign>
<msg timestamp="20190821 23:23:13.068" level="INFO">['松勤学院00602', 'sqw001', '初中数学', '0', '0', '0']</msg>
<msg timestamp="20190821 23:23:13.068" level="INFO">${teacherInformation} = ['松勤学院00602', 'sqw001', '初中数学', '0', '0', '0']</msg>
<status status="PASS" starttime="20190821 23:23:10.925" endtime="20190821 23:23:13.069"></status>
</kw>
<kw name="Should Be True" library="BuiltIn">
<doc>Fails if the given condition is not true.</doc>
<arguments>
<arg>$teacherInformation==['松勤学院00602', 'sqw001', '初中数学', '0', '0', '0']</arg>
</arguments>
<status status="PASS" starttime="20190821 23:23:13.069" endtime="20190821 23:23:13.070"></status>
</kw>
<kw name="Get Teacher Class Students Info" library="WebOpLib">
<assign>
<var>${classStudent}</var>
</assign>
<msg timestamp="20190821 23:23:18.271" level="INFO">{'七年级1班': []}</msg>
<msg timestamp="20190821 23:23:18.272" level="INFO">${classStudent} = {'七年级1班': []}</msg>
<status status="PASS" starttime="20190821 23:23:13.070" endtime="20190821 23:23:18.272"></status>
</kw>
<kw name="Should Be True" library="BuiltIn">
<doc>Fails if the given condition is not true.</doc>
<arguments>
<arg>$classStudent=={'七年级1班': []}</arg>
</arguments>
<status status="PASS" starttime="20190821 23:23:18.272" endtime="20190821 23:23:18.273"></status>
</kw>
<kw name="Delete Teacher" library="TeacherLib" type="teardown">
<arguments>
<arg>&amp;{addRet}[id]</arg>
</arguments>
<msg timestamp="20190821 23:23:18.354" level="INFO">{'retcode': 0}</msg>
<status status="PASS" starttime="20190821 23:23:18.273" endtime="20190821 23:23:18.354"></status>
</kw>
<status status="PASS" starttime="20190821 23:23:06.977" endtime="20190821 23:23:18.354" critical="yes"></status>
</test>
<test id="s1-s1-s1-s3-s1-t2" name="学生登录1-tc005081">
<kw name="Add Student" library="StudentLib">
<arguments>
<arg>xiahoudun2</arg>
<arg>夏侯惇2</arg>
<arg>${g_grade_7_id}</arg>
<arg>${suite_g7c1_classid}</arg>
<arg>13732327438</arg>
</arguments>
<assign>
<var>${addRet}</var>
</assign>
<msg timestamp="20190821 23:23:18.440" level="INFO">{'id': 24186, 'retcode': 0}</msg>
<msg timestamp="20190821 23:23:18.440" level="INFO">${addRet} = {'retcode': 0, 'id': 24186}</msg>
<status status="PASS" starttime="20190821 23:23:18.356" endtime="20190821 23:23:18.440"></status>
</kw>
<kw name="Should Be True" library="BuiltIn">
<doc>Fails if the given condition is not true.</doc>
<arguments>
<arg>$addRet['retcode']==0</arg>
</arguments>
<status status="PASS" starttime="20190821 23:23:18.440" endtime="20190821 23:23:18.441"></status>
</kw>
<kw name="Student Login" library="WebOpLib">
<arguments>
<arg>xiahoudun2</arg>
<arg>888888</arg>
</arguments>
<status status="PASS" starttime="20190821 23:23:18.442" endtime="20190821 23:23:20.876"></status>
</kw>
<kw name="Get Student Homepage Info" library="WebOpLib">
<assign>
<var>${studentInfo}</var>
</assign>
<msg timestamp="20190821 23:23:23.008" level="INFO">['夏侯惇2', '松勤学院00602', '0', '0']</msg>
<msg timestamp="20190821 23:23:23.008" level="INFO">${studentInfo} = ['夏侯惇2', '松勤学院00602', '0', '0']</msg>
<status status="PASS" starttime="20190821 23:23:20.876" endtime="20190821 23:23:23.008"></status>
</kw>
<kw name="Should Be True" library="BuiltIn">
<doc>Fails if the given condition is not true.</doc>
<arguments>
<arg>$studentInfo==['夏侯惇2', '松勤学院00602', '0', '0']</arg>
</arguments>
<status status="PASS" starttime="20190821 23:23:23.009" endtime="20190821 23:23:23.010"></status>
</kw>
<kw name="Student Wrong" library="WebOpLib">
<assign>
<var>${studentWrong}</var>
</assign>
<msg timestamp="20190821 23:23:24.096" level="INFO">'您尚未有错题入库哦'</msg>
<msg timestamp="20190821 23:23:24.096" level="INFO">${studentWrong} = 您尚未有错题入库哦</msg>
<status status="PASS" starttime="20190821 23:23:23.011" endtime="20190821 23:23:24.096"></status>
</kw>
<kw name="Should Be True" library="BuiltIn">
<doc>Fails if the given condition is not true.</doc>
<arguments>
<arg>$studentWrong=='您尚未有错题入库哦'</arg>
</arguments>
<status status="PASS" starttime="20190821 23:23:24.097" endtime="20190821 23:23:24.098"></status>
</kw>
<kw name="Delete Student" library="StudentLib" type="teardown">
<arguments>
<arg>&amp;{addRet}[id]</arg>
</arguments>
<msg timestamp="20190821 23:23:24.178" level="INFO">{'retcode': 0}</msg>
<status status="PASS" starttime="20190821 23:23:24.098" endtime="20190821 23:23:24.178"></status>
</kw>
<status status="PASS" starttime="20190821 23:23:18.355" endtime="20190821 23:23:24.179" critical="yes"></status>
</test>
<status status="PASS" starttime="20190821 23:23:06.963" endtime="20190821 23:23:24.180"></status>
</suite>
<kw name="Close Browser" library="WebOpLib" type="teardown">
<status status="PASS" starttime="20190821 23:23:24.185" endtime="20190821 23:23:26.227"></status>
</kw>
<status status="PASS" starttime="20190821 23:23:04.068" endtime="20190821 23:23:26.227"></status>
</suite>
<suite id="s1-s1-s1-s4" name="班级管理" source="E:\temp\robot-project\tc\d-空白数据\d-7年级1班\班级管理.robot">
<test id="s1-s1-s1-s4-t1" name="添加班级2 - tc000002">
<kw name="Add School Class" library="SchoolClassLib">
<arguments>
<arg>1</arg>
<arg>2班</arg>
<arg>60</arg>
</arguments>
<assign>
<var>${ret1}</var>
</assign>
<msg timestamp="20190821 23:23:26.309" level="INFO">{'id': 201460, 'invitecode': '2014604724735', 'retcode': 0}</msg>
<msg timestamp="20190821 23:23:26.309" level="INFO">${ret1} = {'invitecode': '2014604724735', 'retcode': 0, 'id': 201460}</msg>
<status status="PASS" starttime="20190821 23:23:26.240" endtime="20190821 23:23:26.309"></status>
</kw>
<kw name="Should Be True" library="BuiltIn">
<doc>Fails if the given condition is not true.</doc>
<arguments>
<arg>$ret1['retcode']==0</arg>
</arguments>
<status status="PASS" starttime="20190821 23:23:26.310" endtime="20190821 23:23:26.311"></status>
</kw>
<kw name="List School Class" library="SchoolClassLib">
<arguments>
<arg>1</arg>
</arguments>
<assign>
<var>${ret2}</var>
</assign>
<msg timestamp="20190821 23:23:26.408" level="INFO">{ 'gradeid': 1,
  'retcode': 0,
  'retlist': [ { 'grade__name': '七年级',
                 'id': 201457,
                 'invitecode': '2014578587076',
                 'name': '1班',
                 'studentlimit': 60,
                 'studentnumber': 0,
                 'teacherlist': []},
               { 'grade__name': '七年级',
                 'id': 201460,
                 'invitecode': '2014604724735',
                 'name': '2班',
                 'studentlimit': 60,
                 'studentnumber': 0,
                 'teacherlist': []}]}
查询接口</msg>
<msg timestamp="20190821 23:23:26.409" level="INFO">${ret2} = {'gradeid': 1, 'retlist': [{'name': '1班', 'grade__name': '七年级', 'invitecode': '2014578587076', 'studentlimit': 60, 'studentnumber': 0, 'id': 201457, 'teacherlist': []}, {'name': '2班', 'grade__name': '...</msg>
<status status="PASS" starttime="20190821 23:23:26.312" endtime="20190821 23:23:26.409"></status>
</kw>
<kw name="Evaluate" library="BuiltIn">
<doc>Evaluates the given expression in Python and returns the results.</doc>
<arguments>
<arg>$ret2['retlist']</arg>
</arguments>
<assign>
<var>${retlist}</var>
</assign>
<msg timestamp="20190821 23:23:26.411" level="INFO">${retlist} = [{'name': '1班', 'grade__name': '七年级', 'invitecode': '2014578587076', 'studentlimit': 60, 'studentnumber': 0, 'id': 201457, 'teacherlist': []}, {'name': '2班', 'grade__name': '七年级', 'invitecode': '20146...</msg>
<status status="PASS" starttime="20190821 23:23:26.410" endtime="20190821 23:23:26.411"></status>
</kw>
<kw name="Classlist Should Not Contain" library="SchoolClassLib">
<arguments>
<arg>${retlist}</arg>
<arg>2班</arg>
<arg>七年级</arg>
<arg>&amp;{ret1}[invitecode]</arg>
<arg>60</arg>
<arg>0</arg>
<arg>&amp;{ret1}[id]</arg>
</arguments>
<status status="PASS" starttime="20190821 23:23:26.412" endtime="20190821 23:23:26.412"></status>
</kw>
<kw name="Delete School Class" library="SchoolClassLib" type="teardown">
<arguments>
<arg>&amp;{ret1}[id]</arg>
</arguments>
<status status="PASS" starttime="20190821 23:23:26.413" endtime="20190821 23:23:26.509"></status>
</kw>
<status status="PASS" starttime="20190821 23:23:26.239" endtime="20190821 23:23:26.510" critical="yes"></status>
</test>
<test id="s1-s1-s1-s4-t2" name="添加系统中存在的班级-tc000003">
<kw name="List School Class" library="SchoolClassLib">
<assign>
<var>${before}</var>
</assign>
<msg timestamp="20190821 23:23:26.602" level="INFO">{ 'gradeid': None,
  'retcode': 0,
  'retlist': [ { 'grade__name': '七年级',
                 'id': 201457,
                 'invitecode': '2014578587076',
                 'name': '1班',
                 'studentlimit': 60,
                 'studentnumber': 0,
                 'teacherlist': []}]}
查询接口</msg>
<msg timestamp="20190821 23:23:26.602" level="INFO">${before} = {'gradeid': None, 'retlist': [{'name': '1班', 'grade__name': '七年级', 'invitecode': '2014578587076', 'studentlimit': 60, 'studentnumber': 0, 'id': 201457, 'teacherlist': []}], 'retcode': 0}</msg>
<status status="PASS" starttime="20190821 23:23:26.515" endtime="20190821 23:23:26.603"></status>
</kw>
<kw name="Add School Class" library="SchoolClassLib">
<arguments>
<arg>1</arg>
<arg>1班</arg>
<arg>60</arg>
</arguments>
<assign>
<var>${ret1}</var>
</assign>
<msg timestamp="20190821 23:23:26.703" level="INFO">{'reason': 'Traceback (most recent call last):\n'
           '  File '
           '"/home/yjyx/yijiao_src/yijiao_main/services/datamodel/schoolclass/models.py", '
           'line 542, in addClass\n'
           '    school_class = '
           'self._addClass(name,schoolid,gradeid,studentlimit)\n'
           '  File '
           '"/home/yjyx/yijiao_src/yijiao_main/services/datamodel/schoolclass/models.py", '
           'line 531, in _addClass\n'
           '    school_class.save()\n'
           '  File '
           '"/usr/local/lib/python2.7/site-packages/django/db/models/base.py", '
           'line 710, in save\n'
           '    force_update=force_update, update_fields=update_fields)\n'
           '  File '
           '"/usr/local/lib/python2.7/site-packages/django/db/models/base.py", '
           'line 738, in save_base\n'
           '    updated = self._save_table(raw, cls, force_insert, '
           'force_update, using, update_fields)\n'
           '  File '
           '"/usr/local/lib/python2.7/site-packages/django/db/models/base.py", '
           'line 822, in _save_table\n'
           '    result = self._do_insert(cls._base_manager, using, fields, '
           'update_pk, raw)\n'
           '  File '
           '"/usr/local/lib/python2.7/site-packages/django/db/models/base.py", '
           'line 861, in _do_insert\n'
           '    using=using, raw=raw)\n'
           '  File '
           '"/usr/local/lib/python2.7/site-packages/django/db/models/manager.py", '
           'line 127, in manager_method\n'
           '    return getattr(self.get_queryset(), name)(*args, **kwargs)\n'
           '  File '
           '"/usr/local/lib/python2.7/site-packages/django/db/models/query.py", '
           'line 920, in _insert\n'
           '    return query.get_compiler(using=using).execute_sql(return_id)\n'
           '  File '
           '"/usr/local/lib/python2.7/site-packages/django/db/models/sql/compiler.py", '
           'line 974, in execute_sql\n'
           '    cursor.execute(sql, params)\n'
           '  File '
           '"/usr/local/lib/python2.7/site-packages/django/db/backends/utils.py", '
           'line 64, in execute\n'
           '    return self.cursor.execute(sql, params)\n'
           '  File '
           '"/usr/local/lib/python2.7/site-packages/django/db/utils.py", line '
           '97, in __exit__\n'
           '    six.reraise(dj_exc_type, dj_exc_value, traceback)\n'
           '  File '
           '"/usr/local/lib/python2.7/site-packages/django/db/backends/utils.py", '
           'line 64, in execute\n'
           '    return self.cursor.execute(sql, params)\n'
           '  File '
           '"/usr/local/lib/python2.7/site-packages/django/db/backends/mysql/base.py", '
           'line 124, in execute\n'
           '    return self.cursor.execute(query, args)\n'
           '  File '
           '"/usr/local/lib/python2.7/site-packages/MySQLdb/cursors.py", line '
           '205, in execute\n'
           '    self.errorhandler(self, exc, value)\n'
           '  File '
           '"/usr/local/lib/python2.7/site-packages/MySQLdb/connections.py", '
           'line 36, in defaulterrorhandler\n'
           '    raise errorclass, errorvalue\n'
           'IntegrityError: (1062, "Duplicate entry \'1\\xe7\\x8f\\xad-607-1\' '
           'for key \'name\'")\n',
 'retcode': 1}</msg>
<msg timestamp="20190821 23:23:26.704" level="INFO">${ret1} = {'reason': 'Traceback (most recent call last):\n  File "/home/yjyx/yijiao_src/yijiao_main/services/datamodel/schoolclass/models.py", line 542, in addClass\n    school_class = self._addClass(name,schoo...</msg>
<status status="PASS" starttime="20190821 23:23:26.603" endtime="20190821 23:23:26.704"></status>
</kw>
<kw name="Should Be True" library="BuiltIn">
<doc>Fails if the given condition is not true.</doc>
<arguments>
<arg>$ret1['retcode']==1</arg>
</arguments>
<status status="PASS" starttime="20190821 23:23:26.705" endtime="20190821 23:23:26.706"></status>
</kw>
<kw name="List School Class" library="SchoolClassLib">
<assign>
<var>${after}</var>
</assign>
<msg timestamp="20190821 23:23:26.803" level="INFO">{ 'gradeid': None,
  'retcode': 0,
  'retlist': [ { 'grade__name': '七年级',
                 'id': 201457,
                 'invitecode': '2014578587076',
                 'name': '1班',
                 'studentlimit': 60,
                 'studentnumber': 0,
                 'teacherlist': []}]}
查询接口</msg>
<msg timestamp="20190821 23:23:26.803" level="INFO">${after} = {'gradeid': None, 'retlist': [{'name': '1班', 'grade__name': '七年级', 'invitecode': '2014578587076', 'studentlimit': 60, 'studentnumber': 0, 'id': 201457, 'teacherlist': []}], 'retcode': 0}</msg>
<status status="PASS" starttime="20190821 23:23:26.707" endtime="20190821 23:23:26.803"></status>
</kw>
<kw name="Should Be True" library="BuiltIn">
<doc>Fails if the given condition is not true.</doc>
<arguments>
<arg>$before==$after</arg>
</arguments>
<status status="PASS" starttime="20190821 23:23:26.804" endtime="20190821 23:23:26.805"></status>
</kw>
<status status="PASS" starttime="20190821 23:23:26.513" endtime="20190821 23:23:26.806" critical="yes"></status>
</test>
<test id="s1-s1-s1-s4-t3" name="修改班级1-tc000051">
<kw name="Add School Class" library="SchoolClassLib">
<arguments>
<arg>1</arg>
<arg>2班</arg>
<arg>60</arg>
</arguments>
<assign>
<var>${ret10}</var>
</assign>
<msg timestamp="20190821 23:23:26.908" level="INFO">{'id': 201462, 'invitecode': '2014620743179', 'retcode': 0}</msg>
<msg timestamp="20190821 23:23:26.908" level="INFO">${ret10} = {'invitecode': '2014620743179', 'retcode': 0, 'id': 201462}</msg>
<status status="PASS" starttime="20190821 23:23:26.811" endtime="20190821 23:23:26.908"></status>
</kw>
<kw name="Should Be True" library="BuiltIn">
<doc>Fails if the given condition is not true.</doc>
<arguments>
<arg>$ret10['retcode']==0</arg>
</arguments>
<status status="PASS" starttime="20190821 23:23:26.909" endtime="20190821 23:23:26.910"></status>
</kw>
<kw name="Evaluate" library="BuiltIn">
<doc>Evaluates the given expression in Python and returns the results.</doc>
<arguments>
<arg>$ret10['id']</arg>
</arguments>
<assign>
<var>${classid}</var>
</assign>
<msg timestamp="20190821 23:23:26.912" level="INFO">${classid} = 201462</msg>
<status status="PASS" starttime="20190821 23:23:26.911" endtime="20190821 23:23:26.912"></status>
</kw>
<kw name="Modify Class" library="SchoolClassLib">
<arguments>
<arg>${classid}</arg>
<arg>22班</arg>
<arg>60</arg>
</arguments>
<assign>
<var>${modifyClass}</var>
</assign>
<msg timestamp="20190821 23:23:27.012" level="INFO">{'retcode': 0}
'修改班级接口'</msg>
<msg timestamp="20190821 23:23:27.012" level="INFO">${modifyClass} = {'retcode': 0}</msg>
<status status="PASS" starttime="20190821 23:23:26.913" endtime="20190821 23:23:27.012"></status>
</kw>
<kw name="Should Be True" library="BuiltIn">
<doc>Fails if the given condition is not true.</doc>
<arguments>
<arg>$modifyClass['retcode']==0</arg>
</arguments>
<status status="PASS" starttime="20190821 23:23:27.013" endtime="20190821 23:23:27.014"></status>
</kw>
<kw name="List School Class" library="SchoolClassLib">
<arguments>
<arg>1</arg>
</arguments>
<assign>
<var>${listRet2}</var>
</assign>
<msg timestamp="20190821 23:23:27.105" level="INFO">{ 'gradeid': 1,
  'retcode': 0,
  'retlist': [ { 'grade__name': '七年级',
                 'id': 201457,
                 'invitecode': '2014578587076',
                 'name': '1班',
                 'studentlimit': 60,
                 'studentnumber': 0,
                 'teacherlist': []},
               { 'grade__name': '七年级',
                 'id': 201462,
                 'invitecode': '2014620743179',
                 'name': '22班',
                 'studentlimit': 60,
                 'studentnumber': 0,
                 'teacherlist': []}]}
查询接口</msg>
<msg timestamp="20190821 23:23:27.105" level="INFO">${listRet2} = {'gradeid': 1, 'retlist': [{'name': '1班', 'grade__name': '七年级', 'invitecode': '2014578587076', 'studentlimit': 60, 'studentnumber': 0, 'id': 201457, 'teacherlist': []}, {'name': '22班', 'grade__name': ...</msg>
<status status="PASS" starttime="20190821 23:23:27.015" endtime="20190821 23:23:27.105"></status>
</kw>
<kw name="Evaluate" library="BuiltIn">
<doc>Evaluates the given expression in Python and returns the results.</doc>
<arguments>
<arg>$listRet2['retlist']</arg>
</arguments>
<assign>
<var>${retlist}</var>
</assign>
<msg timestamp="20190821 23:23:27.107" level="INFO">${retlist} = [{'name': '1班', 'grade__name': '七年级', 'invitecode': '2014578587076', 'studentlimit': 60, 'studentnumber': 0, 'id': 201457, 'teacherlist': []}, {'name': '22班', 'grade__name': '七年级', 'invitecode': '2014...</msg>
<status status="PASS" starttime="20190821 23:23:27.106" endtime="20190821 23:23:27.107"></status>
</kw>
<kw name="Classlist Should Not Contain" library="SchoolClassLib">
<arguments>
<arg>${retlist}</arg>
<arg>22班</arg>
<arg>七年级</arg>
<arg>&amp;{ret10}[invitecode]</arg>
<arg>60</arg>
<arg>0</arg>
<arg>&amp;{ret10}[id]</arg>
</arguments>
<status status="PASS" starttime="20190821 23:23:27.108" endtime="20190821 23:23:27.109"></status>
</kw>
<kw name="Delete School Class" library="SchoolClassLib" type="teardown">
<arguments>
<arg>&amp;{ret10}[id]</arg>
</arguments>
<status status="PASS" starttime="20190821 23:23:27.110" endtime="20190821 23:23:27.223"></status>
</kw>
<status status="PASS" starttime="20190821 23:23:26.809" endtime="20190821 23:23:27.224" critical="yes"></status>
</test>
<test id="s1-s1-s1-s4-t4" name="修改班级2-tc000052">
<kw name="Add School Class" library="SchoolClassLib">
<arguments>
<arg>1</arg>
<arg>2班</arg>
<arg>60</arg>
</arguments>
<assign>
<var>${ret1}</var>
</assign>
<msg timestamp="20190821 23:23:27.304" level="INFO">{'id': 201463, 'invitecode': '2014637911971', 'retcode': 0}</msg>
<msg timestamp="20190821 23:23:27.304" level="INFO">${ret1} = {'invitecode': '2014637911971', 'retcode': 0, 'id': 201463}</msg>
<status status="PASS" starttime="20190821 23:23:27.228" endtime="20190821 23:23:27.304"></status>
</kw>
<kw name="Should Be True" library="BuiltIn">
<doc>Fails if the given condition is not true.</doc>
<arguments>
<arg>$ret1['retcode']==0</arg>
</arguments>
<status status="PASS" starttime="20190821 23:23:27.306" endtime="20190821 23:23:27.306"></status>
</kw>
<kw name="Evaluate" library="BuiltIn">
<doc>Evaluates the given expression in Python and returns the results.</doc>
<arguments>
<arg>$ret1['id']</arg>
</arguments>
<assign>
<var>${classid}</var>
</assign>
<msg timestamp="20190821 23:23:27.308" level="INFO">${classid} = 201463</msg>
<status status="PASS" starttime="20190821 23:23:27.307" endtime="20190821 23:23:27.308"></status>
</kw>
<kw name="List School Class" library="SchoolClassLib">
<arguments>
<arg>1</arg>
</arguments>
<assign>
<var>${listret1}</var>
</assign>
<msg timestamp="20190821 23:23:27.404" level="INFO">{ 'gradeid': 1,
  'retcode': 0,
  'retlist': [ { 'grade__name': '七年级',
                 'id': 201457,
                 'invitecode': '2014578587076',
                 'name': '1班',
                 'studentlimit': 60,
                 'studentnumber': 0,
                 'teacherlist': []},
               { 'grade__name': '七年级',
                 'id': 201463,
                 'invitecode': '2014637911971',
                 'name': '2班',
                 'studentlimit': 60,
                 'studentnumber': 0,
                 'teacherlist': []}]}
查询接口</msg>
<msg timestamp="20190821 23:23:27.404" level="INFO">${listret1} = {'gradeid': 1, 'retlist': [{'name': '1班', 'grade__name': '七年级', 'invitecode': '2014578587076', 'studentlimit': 60, 'studentnumber': 0, 'id': 201457, 'teacherlist': []}, {'name': '2班', 'grade__name': '...</msg>
<status status="PASS" starttime="20190821 23:23:27.309" endtime="20190821 23:23:27.405"></status>
</kw>
<kw name="Modify Class" library="SchoolClassLib">
<arguments>
<arg>${classid}</arg>
<arg>1班</arg>
<arg>60</arg>
</arguments>
<assign>
<var>${modifyRet}</var>
</assign>
<msg timestamp="20190821 23:23:27.508" level="INFO">{'reason': '未知错误:Traceback (most recent call last):\n'
           '  File '
           '"/home/yjyx/yijiao_src/yijiao_main/services/datamodel/schoolclass/models.py", '
           'line 612, in modifyClass\n'
           '    school_class.save()\n'
           '  File '
           '"/usr/local/lib/python2.7/site-packages/django/db/models/base.py", '
           'line 710, in save\n'
           '    force_update=force_update, update_fields=update_fields)\n'
           '  File '
           '"/usr/local/lib/python2.7/site-packages/django/db/models/base.py", '
           'line 738, in save_base\n'
           '    updated = self._save_table(raw, cls, force_insert, '
           'force_update, using, update_fields)\n'
           '  File '
           '"/usr/local/lib/python2.7/site-packages/django/db/models/base.py", '
           'line 803, in _save_table\n'
           '    forced_update)\n'
           '  File '
           '"/usr/local/lib/python2.7/site-packages/django/db/models/base.py", '
           'line 853, in _do_update\n'
           '    return filtered._update(values) &gt; 0\n'
           '  File '
           '"/usr/local/lib/python2.7/site-packages/django/db/models/query.py", '
           'line 580, in _update\n'
           '    return query.get_compiler(self.db).execute_sql(CURSOR)\n'
           '  File '
           '"/usr/local/lib/python2.7/site-packages/django/db/models/sql/compiler.py", '
           'line 1062, in execute_sql\n'
           '    cursor = super(SQLUpdateCompiler, '
           'self).execute_sql(result_type)\n'
           '  File '
           '"/usr/local/lib/python2.7/site-packages/django/db/models/sql/compiler.py", '
           'line 840, in execute_sql\n'
           '    cursor.execute(sql, params)\n'
           '  File '
           '"/usr/local/lib/python2.7/site-packages/django/db/backends/utils.py", '
           'line 64, in execute\n'
           '    return self.cursor.execute(sql, params)\n'
           '  File '
           '"/usr/local/lib/python2.7/site-packages/django/db/utils.py", line '
           '97, in __exit__\n'
           '    six.reraise(dj_exc_type, dj_exc_value, traceback)\n'
           '  File '
           '"/usr/local/lib/python2.7/site-packages/django/db/backends/utils.py", '
           'line 64, in execute\n'
           '    return self.cursor.execute(sql, params)\n'
           '  File '
           '"/usr/local/lib/python2.7/site-packages/django/db/backends/mysql/base.py", '
           'line 124, in execute\n'
           '    return self.cursor.execute(query, args)\n'
           '  File '
           '"/usr/local/lib/python2.7/site-packages/MySQLdb/cursors.py", line '
           '205, in execute\n'
           '    self.errorhandler(self, exc, value)\n'
           '  File '
           '"/usr/local/lib/python2.7/site-packages/MySQLdb/connections.py", '
           'line 36, in defaulterrorhandler\n'
           '    raise errorclass, errorvalue\n'
           'IntegrityError: (1062, "Duplicate entry \'1\\xe7\\x8f\\xad-607-1\' '
           'for key \'name\'")\n',
 'retcode': 10000}
'修改班级接口'</msg>
<msg timestamp="20190821 23:23:27.508" level="INFO">${modifyRet} = {'reason': '未知错误:Traceback (most recent call last):\n  File "/home/yjyx/yijiao_src/yijiao_main/services/datamodel/schoolclass/models.py", line 612, in modifyClass\n    school_class.save()\n  File "/us...</msg>
<status status="PASS" starttime="20190821 23:23:27.406" endtime="20190821 23:23:27.508"></status>
</kw>
<kw name="Should Be True" library="BuiltIn">
<doc>Fails if the given condition is not true.</doc>
<arguments>
<arg>$modifyRet['retcode']==10000</arg>
</arguments>
<status status="PASS" starttime="20190821 23:23:27.509" endtime="20190821 23:23:27.510"></status>
</kw>
<kw name="List School Class" library="SchoolClassLib">
<arguments>
<arg>1</arg>
</arguments>
<assign>
<var>${listret2}</var>
</assign>
<msg timestamp="20190821 23:23:27.604" level="INFO">{ 'gradeid': 1,
  'retcode': 0,
  'retlist': [ { 'grade__name': '七年级',
                 'id': 201457,
                 'invitecode': '2014578587076',
                 'name': '1班',
                 'studentlimit': 60,
                 'studentnumber': 0,
                 'teacherlist': []},
               { 'grade__name': '七年级',
                 'id': 201463,
                 'invitecode': '2014637911971',
                 'name': '2班',
                 'studentlimit': 60,
                 'studentnumber': 0,
                 'teacherlist': []}]}
查询接口</msg>
<msg timestamp="20190821 23:23:27.604" level="INFO">${listret2} = {'gradeid': 1, 'retlist': [{'name': '1班', 'grade__name': '七年级', 'invitecode': '2014578587076', 'studentlimit': 60, 'studentnumber': 0, 'id': 201457, 'teacherlist': []}, {'name': '2班', 'grade__name': '...</msg>
<status status="PASS" starttime="20190821 23:23:27.511" endtime="20190821 23:23:27.604"></status>
</kw>
<kw name="Should Be Equal" library="BuiltIn">
<doc>Fails if the given objects are unequal.</doc>
<arguments>
<arg>${listret1}</arg>
<arg>${listret2}</arg>
</arguments>
<status status="PASS" starttime="20190821 23:23:27.606" endtime="20190821 23:23:27.606"></status>
</kw>
<kw name="Delete School Class" library="SchoolClassLib" type="teardown">
<arguments>
<arg>${classid}</arg>
</arguments>
<status status="PASS" starttime="20190821 23:23:27.607" endtime="20190821 23:23:27.706"></status>
</kw>
<status status="PASS" starttime="20190821 23:23:27.227" endtime="20190821 23:23:27.707" critical="yes"></status>
</test>
<test id="s1-s1-s1-s4-t5" name="修改班级3-tc000053">
<kw name="Modify Class" library="SchoolClassLib">
<arguments>
<arg>99999999</arg>
<arg>1班</arg>
<arg>60</arg>
</arguments>
<assign>
<var>${modifyRet}</var>
</assign>
<msg timestamp="20190821 23:23:27.802" level="INFO">{'reason': 'id 为`99999999`的班级不存在', 'retcode': 404}
'修改班级接口'</msg>
<msg timestamp="20190821 23:23:27.802" level="INFO">${modifyRet} = {'reason': 'id 为`99999999`的班级不存在', 'retcode': 404}</msg>
<status status="PASS" starttime="20190821 23:23:27.711" endtime="20190821 23:23:27.802"></status>
</kw>
<kw name="Should Be True" library="BuiltIn">
<doc>Fails if the given condition is not true.</doc>
<arguments>
<arg>$modifyRet['retcode']==404</arg>
</arguments>
<status status="PASS" starttime="20190821 23:23:27.803" endtime="20190821 23:23:27.804"></status>
</kw>
<status status="PASS" starttime="20190821 23:23:27.710" endtime="20190821 23:23:27.805" critical="yes"></status>
</test>
<test id="s1-s1-s1-s4-t6" name="删除班级1-tc000081">
<kw name="Delete School Class" library="SchoolClassLib">
<arguments>
<arg>99999999</arg>
</arguments>
<assign>
<var>${delRet}</var>
</assign>
<msg timestamp="20190821 23:23:27.904" level="INFO">${delRet} = {'reason': 'id 为`99999999`的班级不存在', 'retcode': 404}</msg>
<status status="PASS" starttime="20190821 23:23:27.809" endtime="20190821 23:23:27.904"></status>
</kw>
<kw name="Should Be True" library="BuiltIn">
<doc>Fails if the given condition is not true.</doc>
<arguments>
<arg>$delRet['retcode']==404</arg>
</arguments>
<status status="PASS" starttime="20190821 23:23:27.905" endtime="20190821 23:23:27.906"></status>
</kw>
<status status="PASS" starttime="20190821 23:23:27.808" endtime="20190821 23:23:27.907" critical="yes"></status>
</test>
<test id="s1-s1-s1-s4-t7" name="删除班级2-tc000082">
<kw name="List School Class" library="SchoolClassLib">
<arguments>
<arg>1</arg>
</arguments>
<assign>
<var>${listRet1}</var>
</assign>
<msg timestamp="20190821 23:23:28.005" level="INFO">{ 'gradeid': 1,
  'retcode': 0,
  'retlist': [ { 'grade__name': '七年级',
                 'id': 201457,
                 'invitecode': '2014578587076',
                 'name': '1班',
                 'studentlimit': 60,
                 'studentnumber': 0,
                 'teacherlist': []}]}
查询接口</msg>
<msg timestamp="20190821 23:23:28.006" level="INFO">${listRet1} = {'gradeid': 1, 'retlist': [{'name': '1班', 'grade__name': '七年级', 'invitecode': '2014578587076', 'studentlimit': 60, 'studentnumber': 0, 'id': 201457, 'teacherlist': []}], 'retcode': 0}</msg>
<status status="PASS" starttime="20190821 23:23:27.911" endtime="20190821 23:23:28.006"></status>
</kw>
<kw name="Add School Class" library="SchoolClassLib">
<arguments>
<arg>1</arg>
<arg>2班</arg>
<arg>20</arg>
</arguments>
<assign>
<var>${addRet}</var>
</assign>
<msg timestamp="20190821 23:23:28.104" level="INFO">{'id': 201464, 'invitecode': '2014644185940', 'retcode': 0}</msg>
<msg timestamp="20190821 23:23:28.105" level="INFO">${addRet} = {'invitecode': '2014644185940', 'retcode': 0, 'id': 201464}</msg>
<status status="PASS" starttime="20190821 23:23:28.007" endtime="20190821 23:23:28.105"></status>
</kw>
<kw name="Should Be True" library="BuiltIn">
<doc>Fails if the given condition is not true.</doc>
<arguments>
<arg>$addRet['retcode']==0</arg>
</arguments>
<status status="PASS" starttime="20190821 23:23:28.106" endtime="20190821 23:23:28.107"></status>
</kw>
<kw name="Evaluate" library="BuiltIn">
<doc>Evaluates the given expression in Python and returns the results.</doc>
<arguments>
<arg>$addRet['id']</arg>
</arguments>
<assign>
<var>${classid}</var>
</assign>
<msg timestamp="20190821 23:23:28.108" level="INFO">${classid} = 201464</msg>
<status status="PASS" starttime="20190821 23:23:28.108" endtime="20190821 23:23:28.109"></status>
</kw>
<kw name="List School Class" library="SchoolClassLib">
<arguments>
<arg>1</arg>
</arguments>
<assign>
<var>${listRet2}</var>
</assign>
<msg timestamp="20190821 23:23:28.207" level="INFO">{ 'gradeid': 1,
  'retcode': 0,
  'retlist': [ { 'grade__name': '七年级',
                 'id': 201457,
                 'invitecode': '2014578587076',
                 'name': '1班',
                 'studentlimit': 60,
                 'studentnumber': 0,
                 'teacherlist': []},
               { 'grade__name': '七年级',
                 'id': 201464,
                 'invitecode': '2014644185940',
                 'name': '2班',
                 'studentlimit': 20,
                 'studentnumber': 0,
                 'teacherlist': []}]}
查询接口</msg>
<msg timestamp="20190821 23:23:28.207" level="INFO">${listRet2} = {'gradeid': 1, 'retlist': [{'name': '1班', 'grade__name': '七年级', 'invitecode': '2014578587076', 'studentlimit': 60, 'studentnumber': 0, 'id': 201457, 'teacherlist': []}, {'name': '2班', 'grade__name': '...</msg>
<status status="PASS" starttime="20190821 23:23:28.110" endtime="20190821 23:23:28.207"></status>
</kw>
<kw name="Classlist Should Not Contain" library="SchoolClassLib">
<arguments>
<arg>&amp;{listRet2}[retlist]</arg>
<arg>2班</arg>
<arg>七年级</arg>
<arg>&amp;{addRet}[invitecode]</arg>
<arg>20</arg>
<arg>0</arg>
<arg>&amp;{addRet}[id]</arg>
</arguments>
<status status="PASS" starttime="20190821 23:23:28.208" endtime="20190821 23:23:28.209"></status>
</kw>
<kw name="Delete School Class" library="SchoolClassLib">
<arguments>
<arg>${classid}</arg>
</arguments>
<assign>
<var>${delRet}</var>
</assign>
<msg timestamp="20190821 23:23:28.309" level="INFO">${delRet} = {'retcode': 0}</msg>
<status status="PASS" starttime="20190821 23:23:28.210" endtime="20190821 23:23:28.309"></status>
</kw>
<kw name="Should Be True" library="BuiltIn">
<doc>Fails if the given condition is not true.</doc>
<arguments>
<arg>$delRet['retcode']==0</arg>
</arguments>
<status status="PASS" starttime="20190821 23:23:28.309" endtime="20190821 23:23:28.310"></status>
</kw>
<kw name="List School Class" library="SchoolClassLib">
<arguments>
<arg>1</arg>
</arguments>
<assign>
<var>${listRet3}</var>
</assign>
<msg timestamp="20190821 23:23:28.404" level="INFO">{ 'gradeid': 1,
  'retcode': 0,
  'retlist': [ { 'grade__name': '七年级',
                 'id': 201457,
                 'invitecode': '2014578587076',
                 'name': '1班',
                 'studentlimit': 60,
                 'studentnumber': 0,
                 'teacherlist': []}]}
查询接口</msg>
<msg timestamp="20190821 23:23:28.404" level="INFO">${listRet3} = {'gradeid': 1, 'retlist': [{'name': '1班', 'grade__name': '七年级', 'invitecode': '2014578587076', 'studentlimit': 60, 'studentnumber': 0, 'id': 201457, 'teacherlist': []}], 'retcode': 0}</msg>
<status status="PASS" starttime="20190821 23:23:28.311" endtime="20190821 23:23:28.404"></status>
</kw>
<kw name="Should Be True" library="BuiltIn">
<doc>Fails if the given condition is not true.</doc>
<arguments>
<arg>$listRet1==$listRet3</arg>
</arguments>
<status status="PASS" starttime="20190821 23:23:28.406" endtime="20190821 23:23:28.406"></status>
</kw>
<status status="PASS" starttime="20190821 23:23:27.910" endtime="20190821 23:23:28.407" critical="yes"></status>
</test>
<status status="PASS" starttime="20190821 23:23:26.234" endtime="20190821 23:23:28.411"></status>
</suite>
<suite id="s1-s1-s1-s5" name="老师管理" source="E:\temp\robot-project\tc\d-空白数据\d-7年级1班\老师管理.robot">
<test id="s1-s1-s1-s5-t1" name="添加老师1-tc001001">
<kw name="Add Teacher" library="TeacherLib">
<arguments>
<arg>shengqiaowei</arg>
<arg>sqw</arg>
<arg>${g_subject_math_id}</arg>
<arg>${suite_g7c1_classid}</arg>
<arg>13732327438</arg>
<arg>123@qq.com</arg>
<arg>331002199607064918</arg>
</arguments>
<assign>
<var>${addRet}</var>
</assign>
<msg timestamp="20190821 23:23:28.537" level="INFO">{'id': 55567, 'retcode': 0}</msg>
<msg timestamp="20190821 23:23:28.538" level="INFO">${addRet} = {'retcode': 0, 'id': 55567}</msg>
<status status="PASS" starttime="20190821 23:23:28.427" endtime="20190821 23:23:28.538"></status>
</kw>
<kw name="Should Be True" library="BuiltIn">
<doc>Fails if the given condition is not true.</doc>
<arguments>
<arg>$addRet['retcode']==0</arg>
</arguments>
<status status="PASS" starttime="20190821 23:23:28.539" endtime="20190821 23:23:28.540"></status>
</kw>
<kw name="List Teacher" library="TeacherLib">
<assign>
<var>${listRet}</var>
</assign>
<msg timestamp="20190821 23:23:28.603" level="INFO">{'retcode': 0,
 'retlist': [{'email': '123@qq.com',
              'id': 55567,
              'idcardnumber': '331002199607064918',
              'phonenumber': '13732327438',
              'realname': 'sqw',
              'teachclasslist': [201457],
              'username': 'shengqiaowei'}]}</msg>
<msg timestamp="20190821 23:23:28.603" level="INFO">${listRet} = {'retlist': [{'username': 'shengqiaowei', 'teachclasslist': [201457], 'realname': 'sqw', 'id': 55567, 'phonenumber': '13732327438', 'email': '123@qq.com', 'idcardnumber': '331002199607064918'}], 'retc...</msg>
<status status="PASS" starttime="20190821 23:23:28.541" endtime="20190821 23:23:28.603"></status>
</kw>
<kw name="Teacherlist Should Not Contain" library="TeacherLib">
<arguments>
<arg>&amp;{listRet}[retlist]</arg>
<arg>shengqiaowei</arg>
<arg>sqw</arg>
<arg>&amp;{addRet}[id]</arg>
<arg>${suite_g7c1_classid}</arg>
<arg>13732327438</arg>
<arg>123@qq.com</arg>
<arg>331002199607064918</arg>
</arguments>
<msg timestamp="20190821 23:23:28.605" level="INFO">{'email': '123@qq.com',
 'id': 55567,
 'idcardnumber': '331002199607064918',
 'phonenumber': '13732327438',
 'realname': 'sqw',
 'teachclasslist': [201457],
 'username': 'shengqiaowei'}
---------
'201457'</msg>
<status status="PASS" starttime="20190821 23:23:28.604" endtime="20190821 23:23:28.605"></status>
</kw>
<kw name="Delete Teacher" library="TeacherLib" type="teardown">
<arguments>
<arg>&amp;{addRet}[id]</arg>
</arguments>
<msg timestamp="20190821 23:23:28.740" level="INFO">{'retcode': 0}</msg>
<status status="PASS" starttime="20190821 23:23:28.606" endtime="20190821 23:23:28.740"></status>
</kw>
<status status="PASS" starttime="20190821 23:23:28.425" endtime="20190821 23:23:28.741" critical="yes"></status>
</test>
<status status="PASS" starttime="20190821 23:23:28.418" endtime="20190821 23:23:28.745"></status>
</suite>
<kw name="Delete School Class" library="SchoolClassLib" type="teardown">
<arguments>
<arg>${suite_g7c1_classid}</arg>
</arguments>
<status status="PASS" starttime="20190821 23:23:28.752" endtime="20190821 23:23:28.824"></status>
</kw>
<status status="FAIL" starttime="20190821 23:22:13.142" endtime="20190821 23:23:28.824"></status>
</suite>
<suite id="s1-s1-s2" name="添加班级" source="E:\temp\robot-project\tc\d-空白数据\添加班级.robot">
<test id="s1-s1-s2-t1" name="添加班级1-tc000001">
<kw name="Add School Class" library="SchoolClassLib">
<arguments>
<arg>1</arg>
<arg>语文一班</arg>
<arg>50</arg>
</arguments>
<assign>
<var>${ret1}</var>
</assign>
<msg timestamp="20190821 23:23:28.904" level="INFO">{'id': 201465, 'invitecode': '2014659198042', 'retcode': 0}</msg>
<msg timestamp="20190821 23:23:28.905" level="INFO">${ret1} = {'invitecode': '2014659198042', 'retcode': 0, 'id': 201465}</msg>
<status status="PASS" starttime="20190821 23:23:28.840" endtime="20190821 23:23:28.905"></status>
</kw>
<kw name="Should Be True" library="BuiltIn">
<doc>Fails if the given condition is not true.</doc>
<arguments>
<arg>$ret1['retcode']==0</arg>
</arguments>
<status status="PASS" starttime="20190821 23:23:28.906" endtime="20190821 23:23:28.907"></status>
</kw>
<kw name="List School Class" library="SchoolClassLib">
<arguments>
<arg>1</arg>
</arguments>
<assign>
<var>${ret2}</var>
</assign>
<msg timestamp="20190821 23:23:29.003" level="INFO">{ 'gradeid': 1,
  'retcode': 0,
  'retlist': [ { 'grade__name': '七年级',
                 'id': 201465,
                 'invitecode': '2014659198042',
                 'name': '语文一班',
                 'studentlimit': 50,
                 'studentnumber': 0,
                 'teacherlist': []}]}
查询接口</msg>
<msg timestamp="20190821 23:23:29.003" level="INFO">${ret2} = {'gradeid': 1, 'retlist': [{'name': '语文一班', 'grade__name': '七年级', 'invitecode': '2014659198042', 'studentlimit': 50, 'studentnumber': 0, 'id': 201465, 'teacherlist': []}], 'retcode': 0}</msg>
<status status="PASS" starttime="20190821 23:23:28.907" endtime="20190821 23:23:29.003"></status>
</kw>
<kw name="Evaluate" library="BuiltIn">
<doc>Evaluates the given expression in Python and returns the results.</doc>
<arguments>
<arg>$ret2['retlist'][0]</arg>
</arguments>
<assign>
<var>${fc}</var>
</assign>
<msg timestamp="20190821 23:23:29.005" level="INFO">${fc} = {'name': '语文一班', 'grade__name': '七年级', 'invitecode': '2014659198042', 'studentlimit': 50, 'studentnumber': 0, 'id': 201465, 'teacherlist': []}</msg>
<status status="PASS" starttime="20190821 23:23:29.004" endtime="20190821 23:23:29.005"></status>
</kw>
<kw name="Should Be True" library="BuiltIn">
<doc>Fails if the given condition is not true.</doc>
<arguments>
<arg>$fc['id']==$ret1['id']</arg>
</arguments>
<status status="PASS" starttime="20190821 23:23:29.006" endtime="20190821 23:23:29.007"></status>
</kw>
<kw name="Should Be True" library="BuiltIn">
<doc>Fails if the given condition is not true.</doc>
<arguments>
<arg>$fc['invitecode']==$ret1['invitecode']</arg>
</arguments>
<status status="PASS" starttime="20190821 23:23:29.008" endtime="20190821 23:23:29.009"></status>
</kw>
<kw name="Delete School Class" library="SchoolClassLib" type="teardown">
<arguments>
<arg>&amp;{ret1}[id]</arg>
</arguments>
<status status="PASS" starttime="20190821 23:23:29.010" endtime="20190821 23:23:29.108"></status>
</kw>
<status status="PASS" starttime="20190821 23:23:28.839" endtime="20190821 23:23:29.109" critical="yes"></status>
</test>
<status status="PASS" starttime="20190821 23:23:28.832" endtime="20190821 23:23:29.113"></status>
</suite>
<status status="FAIL" starttime="20190821 23:22:12.344" endtime="20190821 23:23:29.120"></status>
</suite>
<status status="FAIL" starttime="20190821 23:22:12.313" endtime="20190821 23:23:29.130"></status>
</suite>
<statistics>
<total>
<stat pass="21" fail="1">Critical Tests</stat>
<stat pass="21" fail="1">All Tests</stat>
</total>
<tag>
</tag>
<suite>
<stat pass="21" fail="1" id="s1" name="Tc">Tc</stat>
<stat pass="21" fail="1" id="s1-s1" name="D-空白数据">Tc.D-空白数据</stat>
<stat pass="20" fail="1" id="s1-s1-s1" name="D-7年级1班">Tc.D-空白数据.D-7年级1班</stat>
<stat pass="1" fail="0" id="s1-s1-s1-s1" name="D-学生遐想">Tc.D-空白数据.D-7年级1班.D-学生遐想</stat>
<stat pass="1" fail="0" id="s1-s1-s1-s1-s1" name="老师操作">Tc.D-空白数据.D-7年级1班.D-学生遐想.老师操作</stat>
<stat pass="9" fail="1" id="s1-s1-s1-s2" name="D-数学老师盛侨威">Tc.D-空白数据.D-7年级1班.D-数学老师盛侨威</stat>
<stat pass="3" fail="0" id="s1-s1-s1-s2-s1" name="D-学生夏侯惇">Tc.D-空白数据.D-7年级1班.D-数学老师盛侨威.D-学生夏侯惇</stat>
<stat pass="1" fail="0" id="s1-s1-s1-s2-s1-s1" name="Web操作">Tc.D-空白数据.D-7年级1班.D-数学老师盛侨威.D-学生夏侯惇.Web操作</stat>
<stat pass="2" fail="0" id="s1-s1-s1-s2-s1-s2" name="学生管理">Tc.D-空白数据.D-7年级1班.D-数学老师盛侨威.D-学生夏侯惇.学生管理</stat>
<stat pass="1" fail="0" id="s1-s1-s1-s2-s2" name="学生管理">Tc.D-空白数据.D-7年级1班.D-数学老师盛侨威.学生管理</stat>
<stat pass="5" fail="1" id="s1-s1-s1-s2-s3" name="老师管理">Tc.D-空白数据.D-7年级1班.D-数学老师盛侨威.老师管理</stat>
<stat pass="2" fail="0" id="s1-s1-s1-s3" name="Web自动化-7年级1班">Tc.D-空白数据.D-7年级1班.Web自动化-7年级1班</stat>
<stat pass="2" fail="0" id="s1-s1-s1-s3-s1" name="老师操作">Tc.D-空白数据.D-7年级1班.Web自动化-7年级1班.老师操作</stat>
<stat pass="7" fail="0" id="s1-s1-s1-s4" name="班级管理">Tc.D-空白数据.D-7年级1班.班级管理</stat>
<stat pass="1" fail="0" id="s1-s1-s1-s5" name="老师管理">Tc.D-空白数据.D-7年级1班.老师管理</stat>
<stat pass="1" fail="0" id="s1-s1-s2" name="添加班级">Tc.D-空白数据.添加班级</stat>
</suite>
</statistics>
<errors>
</errors>
</robot>
