<?xml version="1.0" encoding="UTF-8"?>
<robot generator="Robot 3.1.1 (Python 3.6.8 on win32)" generated="20190824 15:01:50.753" rpa="false">
<suite id="s1" name="Tc" source="E:\temp\python-RF\task05\tc">
<kw name="Run Keywords" library="BuiltIn" type="setup">
<doc>Executes all the given keywords in a sequence.</doc>
<arguments>
<arg>open_browser1</arg>
<arg>AND</arg>
<arg>login</arg>
<arg>auto</arg>
<arg>sdfsdfsdf</arg>
</arguments>
<kw name="Open Browser1" library="CourseManage">
<status status="PASS" starttime="20190824 15:01:50.862" endtime="20190824 15:01:54.386"></status>
</kw>
<kw name="Login" library="CourseManage">
<arguments>
<arg>auto</arg>
<arg>sdfsdfsdf</arg>
</arguments>
<status status="PASS" starttime="20190824 15:01:54.386" endtime="20190824 15:01:55.585"></status>
</kw>
<status status="PASS" starttime="20190824 15:01:50.861" endtime="20190824 15:01:55.585"></status>
</kw>
<suite id="s1-s1" name="老师管理" source="E:\temp\python-RF\task05\tc\老师管理.robot">
<test id="s1-s1-t1" name="老师管理-tc002">
<kw name="Run Keywords" library="BuiltIn" type="setup">
<doc>Executes all the given keywords in a sequence.</doc>
<arguments>
<arg>delete course</arg>
<arg>AND</arg>
<arg>add course</arg>
<arg>初中语文</arg>
<arg>初中语文描述</arg>
<arg>1</arg>
<arg>AND</arg>
<arg>add course</arg>
<arg>初中数学</arg>
<arg>初中数学描述</arg>
<arg>2</arg>
<arg>AND</arg>
<arg>delete taecher</arg>
</arguments>
<kw name="Delete Course" library="CourseManage">
<msg timestamp="20190824 15:01:58.660" level="INFO">[]</msg>
<status status="PASS" starttime="20190824 15:01:55.590" endtime="20190824 15:01:58.660"></status>
</kw>
<kw name="Add Course" library="CourseManage">
<arguments>
<arg>初中语文</arg>
<arg>初中语文描述</arg>
<arg>1</arg>
</arguments>
<status status="PASS" starttime="20190824 15:01:58.660" endtime="20190824 15:02:02.084"></status>
</kw>
<kw name="Add Course" library="CourseManage">
<arguments>
<arg>初中数学</arg>
<arg>初中数学描述</arg>
<arg>2</arg>
</arguments>
<status status="PASS" starttime="20190824 15:02:02.085" endtime="20190824 15:02:05.472"></status>
</kw>
<kw name="Delete Taecher" library="CourseManage">
<msg timestamp="20190824 15:02:08.572" level="INFO">[]</msg>
<status status="PASS" starttime="20190824 15:02:05.472" endtime="20190824 15:02:08.572"></status>
</kw>
<status status="PASS" starttime="20190824 15:01:55.590" endtime="20190824 15:02:08.572"></status>
</kw>
<kw name="Add Teacher" library="CourseManage">
<arguments>
<arg>小盛</arg>
<arg>xiaosheng</arg>
<arg>小盛描述</arg>
<arg>2</arg>
<arg>初中语文</arg>
</arguments>
<status status="PASS" starttime="20190824 15:02:08.573" endtime="20190824 15:02:12.207"></status>
</kw>
<kw name="Add Teacher" library="CourseManage">
<arguments>
<arg>小侨</arg>
<arg>xiaoqiao</arg>
<arg>小侨描述</arg>
<arg>1</arg>
<arg>初中数学</arg>
</arguments>
<status status="PASS" starttime="20190824 15:02:12.208" endtime="20190824 15:02:15.843"></status>
</kw>
<kw name="List Tacher" library="CourseManage">
<assign>
<var>${listTeacher}</var>
</assign>
<msg timestamp="20190824 15:02:15.954" level="INFO">${listTeacher} = ['小侨', '小盛']</msg>
<status status="PASS" starttime="20190824 15:02:15.843" endtime="20190824 15:02:15.954"></status>
</kw>
<kw name="Should Be True" library="BuiltIn">
<doc>Fails if the given condition is not true.</doc>
<arguments>
<arg>$listTeacher==['小侨', '小盛']</arg>
</arguments>
<status status="PASS" starttime="20190824 15:02:15.955" endtime="20190824 15:02:15.962"></status>
</kw>
<kw name="Run Keywords" library="BuiltIn" type="teardown">
<doc>Executes all the given keywords in a sequence.</doc>
<arguments>
<arg>delete taecher</arg>
<arg>AND</arg>
<arg>delete course</arg>
</arguments>
<kw name="Delete Taecher" library="CourseManage">
<msg timestamp="20190824 15:02:21.613" level="INFO">[&lt;selenium.webdriver.remote.webelement.WebElement (session="06fada75e19a79f334356fc2e13ac1d1", element="0.1258171014923728-33")&gt;, &lt;selenium.webdriver.remote.webelement.WebElement (session="06fada75e19a79f334356fc2e13ac1d1", element="0.1258171014923728-34")&gt;]
[&lt;selenium.webdriver.remote.webelement.WebElement (session="06fada75e19a79f334356fc2e13ac1d1", element="0.1258171014923728-36")&gt;]
[]</msg>
<status status="PASS" starttime="20190824 15:02:15.963" endtime="20190824 15:02:21.613"></status>
</kw>
<kw name="Delete Course" library="CourseManage">
<msg timestamp="20190824 15:02:27.265" level="INFO">[&lt;selenium.webdriver.remote.webelement.WebElement (session="06fada75e19a79f334356fc2e13ac1d1", element="0.1258171014923728-38")&gt;, &lt;selenium.webdriver.remote.webelement.WebElement (session="06fada75e19a79f334356fc2e13ac1d1", element="0.1258171014923728-39")&gt;]
[&lt;selenium.webdriver.remote.webelement.WebElement (session="06fada75e19a79f334356fc2e13ac1d1", element="0.1258171014923728-41")&gt;]
[]</msg>
<status status="PASS" starttime="20190824 15:02:21.613" endtime="20190824 15:02:27.265"></status>
</kw>
<status status="PASS" starttime="20190824 15:02:15.963" endtime="20190824 15:02:27.265"></status>
</kw>
<status status="PASS" starttime="20190824 15:01:55.589" endtime="20190824 15:02:27.266" critical="yes"></status>
</test>
<status status="PASS" starttime="20190824 15:01:55.585" endtime="20190824 15:02:27.267"></status>
</suite>
<suite id="s1-s2" name="课程管理" source="E:\temp\python-RF\task05\tc\课程管理.robot">
<test id="s1-s2-t1" name="添加课程-tc001">
<kw name="Delete Course" library="CourseManage" type="setup">
<msg timestamp="20190824 15:02:30.343" level="INFO">[]</msg>
<status status="PASS" starttime="20190824 15:02:27.272" endtime="20190824 15:02:30.343"></status>
</kw>
<kw name="Add Course" library="CourseManage">
<arguments>
<arg>语文课001</arg>
<arg>语文课描述001</arg>
<arg>2</arg>
</arguments>
<status status="PASS" starttime="20190824 15:02:30.344" endtime="20190824 15:02:33.736"></status>
</kw>
<kw name="Add Course" library="CourseManage">
<arguments>
<arg>语文课002</arg>
<arg>语文课描述002</arg>
<arg>1</arg>
</arguments>
<status status="PASS" starttime="20190824 15:02:33.737" endtime="20190824 15:02:37.107"></status>
</kw>
<kw name="List Course" library="CourseManage">
<assign>
<var>${listCourse}</var>
</assign>
<msg timestamp="20190824 15:02:37.186" level="INFO">1   语文课002   2   语文课001</msg>
<msg timestamp="20190824 15:02:37.187" level="INFO">${listCourse} = None</msg>
<status status="PASS" starttime="20190824 15:02:37.108" endtime="20190824 15:02:37.187"></status>
</kw>
<kw name="Delete Course" library="CourseManage" type="teardown">
<msg timestamp="20190824 15:02:42.765" level="INFO">[&lt;selenium.webdriver.remote.webelement.WebElement (session="06fada75e19a79f334356fc2e13ac1d1", element="0.1258171014923728-57")&gt;, &lt;selenium.webdriver.remote.webelement.WebElement (session="06fada75e19a79f334356fc2e13ac1d1", element="0.1258171014923728-58")&gt;]
[&lt;selenium.webdriver.remote.webelement.WebElement (session="06fada75e19a79f334356fc2e13ac1d1", element="0.1258171014923728-60")&gt;]
[]</msg>
<status status="PASS" starttime="20190824 15:02:37.187" endtime="20190824 15:02:42.765"></status>
</kw>
<status status="PASS" starttime="20190824 15:02:27.271" endtime="20190824 15:02:42.766" critical="yes"></status>
</test>
<status status="PASS" starttime="20190824 15:02:27.268" endtime="20190824 15:02:42.767"></status>
</suite>
<kw name="Close Browser1" library="CourseManage" type="teardown">
<status status="PASS" starttime="20190824 15:02:42.769" endtime="20190824 15:02:43.884"></status>
</kw>
<status status="PASS" starttime="20190824 15:01:50.755" endtime="20190824 15:02:43.884"></status>
</suite>
<statistics>
<total>
<stat pass="2" fail="0">Critical Tests</stat>
<stat pass="2" fail="0">All Tests</stat>
</total>
<tag>
</tag>
<suite>
<stat pass="2" fail="0" id="s1" name="Tc">Tc</stat>
<stat pass="1" fail="0" id="s1-s1" name="老师管理">Tc.老师管理</stat>
<stat pass="1" fail="0" id="s1-s2" name="课程管理">Tc.课程管理</stat>
</suite>
</statistics>
<errors>
</errors>
</robot>
